BUILD: [00:0000000000:PROGC ] Build started with parameters:
BUILD: [00:0000000000:PROGC ] Build started in directory: C:\WINCE800\OSDesigns\QEMU\QEMU\PumpkinOS\src\libos
BUILD: [00:0000000000:PROGC ] Running passes WCEFILES0, MIDL, MC, ASN, THUNK, RUN_WPP, XRPACK, PRECOMPHEADER, COMPILE, RENUMBERICONIDS, RES2RES, LIB, EXPLIB, LINK, LOCALIZE, MANAGEDRESX, MANAGEDMOD, MANAGEDDLL, MANAGEDEXE, MANAGEDWIN, POSTBUILD for ARM.
BUILD: [00:0000000000:PROGC ] Loading database "C:\wince800\osdesigns\qemu\qemu\pumpkinos\BuildARMV7retail.dat".
BUILD: [00:0000000015:PROGC ] Done.
BUILD: [00:0000000015:PROGC ] Computing include file dependencies:
BUILD: [01:0000000031:PROGC ] Scan C:\wince800\osdesigns\qemu\qemu\pumpkinos\src\libos\
BUILD: [00:0000000328:PROGC ] Warning(s) in directory "C:\wince800\osdesigns\qemu\qemu\pumpkinos\src\libos\".
BUILD: [00:0000000343:PROGC ] Directory scanning complete.
BUILD: [00:0000000343:PROGC ] Saving C:\wince800\osdesigns\qemu\qemu\pumpkinos\BuildARMV7retail.dat.
BUILD: [00:0000000343:PROGC ] Saving Master Database complete.
BUILD: [00:0000000343:PROGC ] Starting WCEFILES0 Pass.
BUILD: [00:0000000343:PROGC ] Analyzing project dependency information for pass WCEFILES0.
BUILD: [00:0000000343:PROGC ] Starting MIDL Pass.
BUILD: [00:0000000343:PROGC ] Analyzing project dependency information for pass MIDL.
BUILD: [00:0000000343:PROGC ] Starting MC Pass.
BUILD: [00:0000000343:PROGC ] Analyzing project dependency information for pass MC.
BUILD: [00:0000000343:PROGC ] Starting ASN Pass.
BUILD: [00:0000000343:PROGC ] Analyzing project dependency information for pass ASN.
BUILD: [00:0000000343:PROGC ] Starting THUNK Pass.
BUILD: [00:0000000343:PROGC ] Analyzing project dependency information for pass THUNK.
BUILD: [00:0000000343:PROGC ] Starting RUN_WPP Pass.
BUILD: [00:0000000343:PROGC ] Analyzing project dependency information for pass RUN_WPP.
BUILD: [00:0000000343:PROGC ] Starting XRPACK Pass.
BUILD: [00:0000000343:PROGC ] Analyzing project dependency information for pass XRPACK.
BUILD: [00:0000000343:PROGC ] Starting PRECOMPHEADER Pass.
BUILD: [00:0000000343:PROGC ] Analyzing project dependency information for pass PRECOMPHEADER.
BUILD: [00:0000000343:PROGC ] Starting COMPILE Pass.
BUILD: [00:0000000343:PROGC ] Analyzing project dependency information for pass COMPILE.
BUILD: [00:0000000359:PROGC ] Starting RENUMBERICONIDS Pass.
BUILD: [00:0000000359:PROGC ] Analyzing project dependency information for pass RENUMBERICONIDS.
BUILD: [00:0000000359:PROGC ] Starting RES2RES Pass.
BUILD: [00:0000000359:PROGC ] Analyzing project dependency information for pass RES2RES.
BUILD: [00:0000000359:PROGC ] Starting LIB Pass.
BUILD: [00:0000000359:PROGC ] Analyzing project dependency information for pass LIB.
BUILD: [00:0000000359:PROGC ] Starting EXPLIB Pass.
BUILD: [00:0000000359:PROGC ] Analyzing project dependency information for pass EXPLIB.
BUILD: [00:0000000359:PROGC ] Building EXPLIB Pass in C:\wince800\osdesigns\qemu\qemu\pumpkinos\src\libos\ directory.
BUILD: [01:0000000531:PROGC ] Linking C:\wince800\osdesigns\qemu\qemu\pumpkinos\src\libos\obj\ARMV7\retail\libos.lib
BUILD: [00:0000000672:PROGC ] Starting LINK Pass.
BUILD: [00:0000000672:PROGC ] Analyzing project dependency information for pass LINK.
BUILD: [00:0000000812:PROGC ] Building LINK Pass in C:\wince800\osdesigns\qemu\qemu\pumpkinos\src\libos\ directory.
BUILD: [01:0000000953:PROGC ] Error(s) in directory "C:\wince800\osdesigns\qemu\qemu\pumpkinos\src\libos\".
BUILD: [01:0000000953:ERRORE] NMAKE : fatal error U1073: don't know how to make '..\libpumpkin\obj\ARMV7\retail\libpumpkin.lib' {log="C:\WINCE800\OSDesigns\QEMU\QEMU\PumpkinOS\src\libos\bldsys.log(49)"}
BUILD: [01:0000000953:ERRORE] TargetExeFiles  -nologo BUILDMSG=Stop.  BUILDROOT=C:\wince800\osdesigns\qemu\qemu\pumpkinos\ LINKONLY=1 NOPASS0=1MAKEDLL=1 failed - rc = 2. {log="C:\WINCE800\OSDesigns\QEMU\QEMU\PumpkinOS\src\libos\bldsys.log(50)"}
BUILD: [00:0000000953:PROGC ]                        Files  Warnings  Errors
BUILD: [00:0000000953:PROGC ] Midl                       0         0       0
BUILD: [00:0000000953:PROGC ] Message                    0         0       0
BUILD: [00:0000000953:PROGC ] Precomp Header             0         0       0
BUILD: [00:0000000953:PROGC ] Resource                   0         0       0
BUILD: [00:0000000953:PROGC ] XRPack                     0         0       0
BUILD: [00:0000000953:PROGC ] MASM                       0         0       0
BUILD: [00:0000000953:PROGC ] SHASM                      0         0       0
BUILD: [00:0000000953:PROGC ] ARMASM                     0         0       0
BUILD: [00:0000000953:PROGC ] C++                        0         0       0
BUILD: [00:0000000953:PROGC ] C                          0         0       0
BUILD: [00:0000000953:PROGC ] CheckLibs                  0         0       0
BUILD: [00:0000000953:PROGC ] Static Libraries           0         0       0
BUILD: [00:0000000953:PROGC ] Exe's                      0         0       0
BUILD: [00:0000000953:PROGC ] Dll's                      1         0       0
BUILD: [00:0000000953:PROGC ] Preprocess deffile         0         0       0
BUILD: [00:0000000953:PROGC ] Resx                       0         0       0
BUILD: [00:0000000953:PROGC ] CSharp Compile             0         0       0
BUILD: [00:0000000953:PROGC ] VCProj Compile             0         0       0
BUILD: [00:0000000953:PROGC ] NETCF Build                0         0       0
BUILD: [00:0000000953:PROGC ] Localization               0         0       0
BUILD: [00:0000000953:PROGC ] Other                      0         4       2
BUILD: [00:0000000953:PROGC ] 
BUILD: [00:0000000953:PROGC ] Total                      1         4       2
BUILD: [00:0000000953:PROGC ] 
BUILD: [00:0000000953:PROGC ] 4 Warnings,  2 Errors
BUILD: [00:0000000953:PROGC ] GetSystemTimes (seconds): Idle: 0     Kernel: 1     User: 0    
BUILD: [00:0000000953:PROGC ] Elapsed  time  (seconds): 1    
