BUILD: [00:0000000000:PROGC ] Build started with parameters:
BUILD: [00:0000000000:PROGC ] Build started in directory: C:\WINCE800\OSDesigns\QEMU\QEMU\PumpkinOS\src\Command
BUILD: [00:0000000000:PROGC ] Running passes WCEFILES0, MIDL, MC, ASN, THUNK, RUN_WPP, XRPACK, PRECOMPHEADER, COMPILE, RENUMBERICONIDS, RES2RES, LIB, EXPLIB, LINK, LOCALIZE, MANAGEDRESX, MANAGEDMOD, MANAGEDDLL, MANAGEDEXE, MANAGEDWIN, POSTBUILD for ARM.
BUILD: [00:0000000000:PROGC ] Loading database "C:\wince800\osdesigns\qemu\qemu\pumpkinos\BuildARMV7retail.dat".
BUILD: [00:0000000031:PROGC ] Done.
BUILD: [00:0000000031:PROGC ] Computing include file dependencies:
BUILD: [01:0000000125:PROGC ] Scan C:\wince800\osdesigns\qemu\qemu\pumpkinos\src\command\
BUILD: [00:0000000375:PROGC ] Warning(s) in directory "C:\wince800\osdesigns\qemu\qemu\pumpkinos\src\command\".
BUILD: [00:0000000406:PROGC ] Directory scanning complete.
BUILD: [00:0000000406:PROGC ] Saving C:\wince800\osdesigns\qemu\qemu\pumpkinos\BuildARMV7retail.dat.
BUILD: [00:0000000406:PROGC ] Saving Master Database complete.
BUILD: [00:0000000422:PROGC ] Starting WCEFILES0 Pass.
BUILD: [00:0000000422:PROGC ] Analyzing project dependency information for pass WCEFILES0.
BUILD: [00:0000000422:PROGC ] Starting MIDL Pass.
BUILD: [00:0000000422:PROGC ] Analyzing project dependency information for pass MIDL.
BUILD: [00:0000000422:PROGC ] Starting MC Pass.
BUILD: [00:0000000422:PROGC ] Analyzing project dependency information for pass MC.
BUILD: [00:0000000422:PROGC ] Starting ASN Pass.
BUILD: [00:0000000422:PROGC ] Analyzing project dependency information for pass ASN.
BUILD: [00:0000000422:PROGC ] Starting THUNK Pass.
BUILD: [00:0000000422:PROGC ] Analyzing project dependency information for pass THUNK.
BUILD: [00:0000000422:PROGC ] Starting RUN_WPP Pass.
BUILD: [00:0000000422:PROGC ] Analyzing project dependency information for pass RUN_WPP.
BUILD: [00:0000000422:PROGC ] Starting XRPACK Pass.
BUILD: [00:0000000422:PROGC ] Analyzing project dependency information for pass XRPACK.
BUILD: [00:0000000422:PROGC ] Starting PRECOMPHEADER Pass.
BUILD: [00:0000000422:PROGC ] Analyzing project dependency information for pass PRECOMPHEADER.
BUILD: [00:0000000438:PROGC ] Starting COMPILE Pass.
BUILD: [00:0000000438:PROGC ] Analyzing project dependency information for pass COMPILE.
BUILD: [00:0000000438:PROGC ] Starting RENUMBERICONIDS Pass.
BUILD: [00:0000000438:PROGC ] Analyzing project dependency information for pass RENUMBERICONIDS.
BUILD: [00:0000000438:PROGC ] Starting RES2RES Pass.
BUILD: [00:0000000438:PROGC ] Analyzing project dependency information for pass RES2RES.
BUILD: [00:0000000438:PROGC ] Starting LIB Pass.
BUILD: [00:0000000438:PROGC ] Analyzing project dependency information for pass LIB.
BUILD: [00:0000000703:PROGC ] Starting EXPLIB Pass.
BUILD: [00:0000000703:PROGC ] Analyzing project dependency information for pass EXPLIB.
BUILD: [00:0000000703:PROGC ] Starting LINK Pass.
BUILD: [00:0000000703:PROGC ] Analyzing project dependency information for pass LINK.
BUILD: [00:0000000860:PROGC ] Building LINK Pass in C:\wince800\osdesigns\qemu\qemu\pumpkinos\src\command\ directory.
BUILD: [01:0000001016:PROGC ] Linking C:\wince800\osdesigns\qemu\qemu\pumpkinos\src\command\obj\ARMV7\retail\Command.dll
BUILD: [00:0000002016:PROGC ] Starting LOCALIZE Pass.
BUILD: [00:0000002016:PROGC ] Analyzing project dependency information for pass LOCALIZE.
BUILD: [00:0000002016:PROGC ] Starting MANAGEDRESX Pass.
BUILD: [00:0000002016:PROGC ] Analyzing project dependency information for pass MANAGEDRESX.
BUILD: [00:0000002016:PROGC ] Starting MANAGEDMOD Pass.
BUILD: [00:0000002016:PROGC ] Analyzing project dependency information for pass MANAGEDMOD.
BUILD: [00:0000002016:PROGC ] Starting MANAGEDDLL Pass.
BUILD: [00:0000002016:PROGC ] Analyzing project dependency information for pass MANAGEDDLL.
BUILD: [00:0000002016:PROGC ] Starting MANAGEDEXE Pass.
BUILD: [00:0000002016:PROGC ] Analyzing project dependency information for pass MANAGEDEXE.
BUILD: [00:0000002016:PROGC ] Starting MANAGEDWIN Pass.
BUILD: [00:0000002016:PROGC ] Analyzing project dependency information for pass MANAGEDWIN.
BUILD: [00:0000002016:PROGC ] Starting POSTBUILD Pass.
BUILD: [00:0000002016:PROGC ] Analyzing project dependency information for pass POSTBUILD.
BUILD: [00:0000002281:PROGC ] Saving C:\wince800\osdesigns\qemu\qemu\pumpkinos\BuildARMV7retail.dat.
BUILD: [00:0000002297:PROGC ] Done.
BUILD: [00:0000002297:PROGC ]                        Files  Warnings  Errors
BUILD: [00:0000002297:PROGC ] Midl                       0         0       0
BUILD: [00:0000002297:PROGC ] Message                    0         0       0
BUILD: [00:0000002297:PROGC ] Precomp Header             0         0       0
BUILD: [00:0000002297:PROGC ] Resource                   0         0       0
BUILD: [00:0000002313:PROGC ] XRPack                     0         0       0
BUILD: [00:0000002313:PROGC ] MASM                       0         0       0
BUILD: [00:0000002313:PROGC ] SHASM                      0         0       0
BUILD: [00:0000002313:PROGC ] ARMASM                     0         0       0
BUILD: [00:0000002313:PROGC ] C++                        0         0       0
BUILD: [00:0000002313:PROGC ] C                          0         0       0
BUILD: [00:0000002313:PROGC ] CheckLibs                  0         0       0
BUILD: [00:0000002313:PROGC ] Static Libraries           0         0       0
BUILD: [00:0000002313:PROGC ] Exe's                      0         0       0
BUILD: [00:0000002313:PROGC ] Dll's                      1         0       0
BUILD: [00:0000002313:PROGC ] Preprocess deffile         0         0       0
BUILD: [00:0000002313:PROGC ] Resx                       0         0       0
BUILD: [00:0000002313:PROGC ] CSharp Compile             0         0       0
BUILD: [00:0000002313:PROGC ] VCProj Compile             0         0       0
BUILD: [00:0000002313:PROGC ] NETCF Build                0         0       0
BUILD: [00:0000002313:PROGC ] Localization               0         0       0
BUILD: [00:0000002313:PROGC ] Other                      0        14       0
BUILD: [00:0000002313:PROGC ] 
BUILD: [00:0000002313:PROGC ] Total                      1        14       0
BUILD: [00:0000002313:PROGC ] 
BUILD: [00:0000002313:PROGC ] 14 Warnings,  0 Errors
BUILD: [00:0000002313:PROGC ] GetSystemTimes (seconds): Idle: 1     Kernel: 2     User: 1    
BUILD: [00:0000002313:PROGC ] Elapsed  time  (seconds): 2    
