BUILD: [00:0000000000:PROGC ] Build started with parameters: -c
BUILD: [00:0000000000:PROGC ] Build started in directory: C:\WINCE800\OSDesigns\QEMU\QEMU\PumpkinOS\src\ToDoList
BUILD: [00:0000000000:PROGC ] Running passes WCEFILES0, MIDL, MC, ASN, THUNK, RUN_WPP, XRPACK, PRECOMPHEADER, COMPILE, RENUMBERICONIDS, RES2RES, LIB, EXPLIB, LINK, LOCALIZE, MANAGEDRESX, MANAGEDMOD, MANAGEDDLL, MANAGEDEXE, MANAGEDWIN, POSTBUILD for ARM.
BUILD: [00:0000000000:PROGC ] Ignoring build database (-c specified).
BUILD: [00:0000000000:PROGC ] Computing include file dependencies:
BUILD: [01:0000000062:PROGC ] Scan C:\wince800\osdesigns\qemu\qemu\pumpkinos\src\todolist\
BUILD: [00:0000000656:PROGC ] Warning(s) in directory "C:\wince800\osdesigns\qemu\qemu\pumpkinos\src\todolist\".
BUILD: [00:0000000859:PROGC ] Directory scanning complete.
BUILD: [00:0000000859:PROGC ] Saving C:\wince800\osdesigns\qemu\qemu\pumpkinos\BuildARMV7retail.dat.
BUILD: [00:0000000859:PROGC ] Saving Master Database complete.
BUILD: [00:0000000859:PROGC ] Starting WCEFILES0 Pass.
BUILD: [00:0000000859:PROGC ] Analyzing project dependency information for pass WCEFILES0.
BUILD: [00:0000000859:PROGC ] Starting MIDL Pass.
BUILD: [00:0000000859:PROGC ] Analyzing project dependency information for pass MIDL.
BUILD: [00:0000000859:PROGC ] Starting MC Pass.
BUILD: [00:0000000859:PROGC ] Analyzing project dependency information for pass MC.
BUILD: [00:0000000859:PROGC ] Starting ASN Pass.
BUILD: [00:0000000859:PROGC ] Analyzing project dependency information for pass ASN.
BUILD: [00:0000000859:PROGC ] Starting THUNK Pass.
BUILD: [00:0000000859:PROGC ] Analyzing project dependency information for pass THUNK.
BUILD: [00:0000000859:PROGC ] Starting RUN_WPP Pass.
BUILD: [00:0000000859:PROGC ] Analyzing project dependency information for pass RUN_WPP.
BUILD: [00:0000000859:PROGC ] Starting XRPACK Pass.
BUILD: [00:0000000859:PROGC ] Analyzing project dependency information for pass XRPACK.
BUILD: [00:0000000859:PROGC ] Starting PRECOMPHEADER Pass.
BUILD: [00:0000000859:PROGC ] Analyzing project dependency information for pass PRECOMPHEADER.
BUILD: [00:0000000859:PROGC ] Starting COMPILE Pass.
BUILD: [00:0000000859:PROGC ] Analyzing project dependency information for pass COMPILE.
BUILD: [00:0000000890:PROGC ] Building COMPILE Pass in C:\wince800\osdesigns\qemu\qemu\pumpkinos\src\todolist\ directory.
BUILD: [01:0000001359:PROGC ] Compiling .\ToDo.c .\ToDoDB.c .\ToDoRsc.c .\ToDoTransfer.c
BUILD: [00:0000003281:PROGC ] Starting RENUMBERICONIDS Pass.
BUILD: [00:0000003281:PROGC ] Analyzing project dependency information for pass RENUMBERICONIDS.
BUILD: [00:0000003281:PROGC ] Starting RES2RES Pass.
BUILD: [00:0000003281:PROGC ] Analyzing project dependency information for pass RES2RES.
BUILD: [00:0000003281:PROGC ] Starting LIB Pass.
BUILD: [00:0000003281:PROGC ] Analyzing project dependency information for pass LIB.
BUILD: [00:0000003281:PROGC ] Starting EXPLIB Pass.
BUILD: [00:0000003281:PROGC ] Analyzing project dependency information for pass EXPLIB.
BUILD: [00:0000003281:PROGC ] Building EXPLIB Pass in C:\wince800\osdesigns\qemu\qemu\pumpkinos\src\todolist\ directory.
BUILD: [01:0000003422:PROGC ] Linking C:\wince800\osdesigns\qemu\qemu\pumpkinos\src\todolist\obj\ARMV7\retail\ToDoList.lib
BUILD: [00:0000003562:PROGC ] Starting LINK Pass.
BUILD: [00:0000003562:PROGC ] Analyzing project dependency information for pass LINK.
BUILD: [00:0000003703:PROGC ] Building LINK Pass in C:\wince800\osdesigns\qemu\qemu\pumpkinos\src\todolist\ directory.
BUILD: [01:0000003859:PROGC ] Linking C:\wince800\osdesigns\qemu\qemu\pumpkinos\src\todolist\obj\ARMV7\retail\ToDoList.dll
BUILD: [00:0000004422:PROGC ] Starting LOCALIZE Pass.
BUILD: [00:0000004422:PROGC ] Analyzing project dependency information for pass LOCALIZE.
BUILD: [00:0000004422:PROGC ] Starting MANAGEDRESX Pass.
BUILD: [00:0000004422:PROGC ] Analyzing project dependency information for pass MANAGEDRESX.
BUILD: [00:0000004422:PROGC ] Starting MANAGEDMOD Pass.
BUILD: [00:0000004422:PROGC ] Analyzing project dependency information for pass MANAGEDMOD.
BUILD: [00:0000004422:PROGC ] Starting MANAGEDDLL Pass.
BUILD: [00:0000004422:PROGC ] Analyzing project dependency information for pass MANAGEDDLL.
BUILD: [00:0000004422:PROGC ] Starting MANAGEDEXE Pass.
BUILD: [00:0000004422:PROGC ] Analyzing project dependency information for pass MANAGEDEXE.
BUILD: [00:0000004422:PROGC ] Starting MANAGEDWIN Pass.
BUILD: [00:0000004422:PROGC ] Analyzing project dependency information for pass MANAGEDWIN.
BUILD: [00:0000004422:PROGC ] Starting POSTBUILD Pass.
BUILD: [00:0000004422:PROGC ] Analyzing project dependency information for pass POSTBUILD.
BUILD: [00:0000004703:PROGC ] Saving C:\wince800\osdesigns\qemu\qemu\pumpkinos\BuildARMV7retail.dat.
BUILD: [00:0000004703:PROGC ] Done.
BUILD: [00:0000004703:PROGC ]                        Files  Warnings  Errors
BUILD: [00:0000004703:PROGC ] Midl                       0         0       0
BUILD: [00:0000004703:PROGC ] Message                    0         0       0
BUILD: [00:0000004703:PROGC ] Precomp Header             0         0       0
BUILD: [00:0000004703:PROGC ] Resource                   0         0       0
BUILD: [00:0000004703:PROGC ] XRPack                     0         0       0
BUILD: [00:0000004703:PROGC ] MASM                       0         0       0
BUILD: [00:0000004703:PROGC ] SHASM                      0         0       0
BUILD: [00:0000004703:PROGC ] ARMASM                     0         0       0
BUILD: [00:0000004703:PROGC ] C++                        0         0       0
BUILD: [00:0000004703:PROGC ] C                          1         0       0
BUILD: [00:0000004703:PROGC ] CheckLibs                  0         0       0
BUILD: [00:0000004703:PROGC ] Static Libraries           0         0       0
BUILD: [00:0000004703:PROGC ] Exe's                      0         0       0
BUILD: [00:0000004703:PROGC ] Dll's                      2         0       0
BUILD: [00:0000004703:PROGC ] Preprocess deffile         0         0       0
BUILD: [00:0000004703:PROGC ] Resx                       0         0       0
BUILD: [00:0000004703:PROGC ] CSharp Compile             0         0       0
BUILD: [00:0000004703:PROGC ] VCProj Compile             0         0       0
BUILD: [00:0000004703:PROGC ] NETCF Build                0         0       0
BUILD: [00:0000004703:PROGC ] Localization               0         0       0
BUILD: [00:0000004703:PROGC ] Other                      0        14       0
BUILD: [00:0000004703:PROGC ] 
BUILD: [00:0000004703:PROGC ] Total                      3        14       0
BUILD: [00:0000004703:PROGC ] 
BUILD: [00:0000004703:PROGC ] 14 Warnings,  0 Errors
BUILD: [00:0000004718:PROGC ] GetSystemTimes (seconds): Idle: 2     Kernel: 5     User: 3    
BUILD: [00:0000004718:PROGC ] Elapsed  time  (seconds): 4    
