BUILD: [00:0000000000:PROGC ] Build started with parameters:
BUILD: [00:0000000000:PROGC ] Build started in directory: C:\WINCE800\OSDesigns\QEMU\QEMU\PumpkinOS\src\lua
BUILD: [00:0000000000:PROGC ] Running passes WCEFILES0, MIDL, MC, ASN, THUNK, RUN_WPP, XRPACK, PRECOMPHEADER, COMPILE, RENUMBERICONIDS, RES2RES, LIB, EXPLIB, LINK, LOCALIZE, MANAGEDRESX, MANAGEDMOD, MANAGEDDLL, MANAGEDEXE, MANAGEDWIN, POSTBUILD for ARM.
BUILD: [00:0000000000:PROGC ] Loading database "C:\wince800\osdesigns\qemu\qemu\pumpkinos\BuildARMV7retail.dat".
BUILD: [00:0000000031:PROGC ] Done.
BUILD: [00:0000000031:PROGC ] Computing include file dependencies:
BUILD: [01:0000000578:PROGC ] Scan C:\wince800\osdesigns\qemu\qemu\pumpkinos\src\lua\
BUILD: [00:0000001672:PROGC ] Warning(s) in directory "C:\wince800\osdesigns\qemu\qemu\pumpkinos\src\lua\".
BUILD: [00:0000001703:PROGC ] Directory scanning complete.
BUILD: [00:0000001703:PROGC ] Saving C:\wince800\osdesigns\qemu\qemu\pumpkinos\BuildARMV7retail.dat.
BUILD: [00:0000001766:PROGC ] Saving Master Database complete.
BUILD: [00:0000001766:PROGC ] Starting WCEFILES0 Pass.
BUILD: [00:0000001766:PROGC ] Analyzing project dependency information for pass WCEFILES0.
BUILD: [00:0000001781:PROGC ] Starting MIDL Pass.
BUILD: [00:0000001781:PROGC ] Analyzing project dependency information for pass MIDL.
BUILD: [00:0000001781:PROGC ] Starting MC Pass.
BUILD: [00:0000001781:PROGC ] Analyzing project dependency information for pass MC.
BUILD: [00:0000001781:PROGC ] Starting ASN Pass.
BUILD: [00:0000001797:PROGC ] Analyzing project dependency information for pass ASN.
BUILD: [00:0000001797:PROGC ] Starting THUNK Pass.
BUILD: [00:0000001797:PROGC ] Analyzing project dependency information for pass THUNK.
BUILD: [00:0000001797:PROGC ] Starting RUN_WPP Pass.
BUILD: [00:0000001797:PROGC ] Analyzing project dependency information for pass RUN_WPP.
BUILD: [00:0000001797:PROGC ] Starting XRPACK Pass.
BUILD: [00:0000001797:PROGC ] Analyzing project dependency information for pass XRPACK.
BUILD: [00:0000001797:PROGC ] Starting PRECOMPHEADER Pass.
BUILD: [00:0000001797:PROGC ] Analyzing project dependency information for pass PRECOMPHEADER.
BUILD: [00:0000001797:PROGC ] Starting COMPILE Pass.
BUILD: [00:0000001797:PROGC ] Analyzing project dependency information for pass COMPILE.
BUILD: [00:0000002141:PROGC ] Building COMPILE Pass in C:\wince800\osdesigns\qemu\qemu\pumpkinos\src\lua\ directory.
BUILD: [01:0000002672:PROGC ] Compiling .\loslib.c
BUILD: [00:0000003906:PROGC ] Starting RENUMBERICONIDS Pass.
BUILD: [00:0000003906:PROGC ] Analyzing project dependency information for pass RENUMBERICONIDS.
BUILD: [00:0000003906:PROGC ] Starting RES2RES Pass.
BUILD: [00:0000003906:PROGC ] Analyzing project dependency information for pass RES2RES.
BUILD: [00:0000003906:PROGC ] Starting LIB Pass.
BUILD: [00:0000003922:PROGC ] Analyzing project dependency information for pass LIB.
BUILD: [00:0000003922:PROGC ] Starting EXPLIB Pass.
BUILD: [00:0000003922:PROGC ] Analyzing project dependency information for pass EXPLIB.
BUILD: [00:0000003953:PROGC ] Building EXPLIB Pass in C:\wince800\osdesigns\qemu\qemu\pumpkinos\src\lua\ directory.
BUILD: [01:0000004391:PROGC ] Linking C:\wince800\osdesigns\qemu\qemu\pumpkinos\src\lua\obj\ARMV7\retail\libscriptlua.lib
BUILD: [00:0000004609:PROGC ] Starting LINK Pass.
BUILD: [00:0000004609:PROGC ] Analyzing project dependency information for pass LINK.
BUILD: [00:0000005094:PROGC ] Building LINK Pass in C:\wince800\osdesigns\qemu\qemu\pumpkinos\src\lua\ directory.
BUILD: [01:0000005422:PROGC ] Linking C:\wince800\osdesigns\qemu\qemu\pumpkinos\src\lua\obj\ARMV7\retail\libscriptlua.dll
BUILD: [00:0000006922:PROGC ] Starting LOCALIZE Pass.
BUILD: [00:0000006922:PROGC ] Analyzing project dependency information for pass LOCALIZE.
BUILD: [00:0000006922:PROGC ] Starting MANAGEDRESX Pass.
BUILD: [00:0000006922:PROGC ] Analyzing project dependency information for pass MANAGEDRESX.
BUILD: [00:0000006922:PROGC ] Starting MANAGEDMOD Pass.
BUILD: [00:0000006922:PROGC ] Analyzing project dependency information for pass MANAGEDMOD.
BUILD: [00:0000006922:PROGC ] Starting MANAGEDDLL Pass.
BUILD: [00:0000006922:PROGC ] Analyzing project dependency information for pass MANAGEDDLL.
BUILD: [00:0000006938:PROGC ] Starting MANAGEDEXE Pass.
BUILD: [00:0000006938:PROGC ] Analyzing project dependency information for pass MANAGEDEXE.
BUILD: [00:0000006938:PROGC ] Starting MANAGEDWIN Pass.
BUILD: [00:0000006938:PROGC ] Analyzing project dependency information for pass MANAGEDWIN.
BUILD: [00:0000006938:PROGC ] Starting POSTBUILD Pass.
BUILD: [00:0000006938:PROGC ] Analyzing project dependency information for pass POSTBUILD.
BUILD: [00:0000006938:PROGC ] Saving C:\wince800\osdesigns\qemu\qemu\pumpkinos\BuildARMV7retail.dat.
BUILD: [00:0000006953:PROGC ] Done.
BUILD: [00:0000006953:PROGC ]                        Files  Warnings  Errors
BUILD: [00:0000006953:PROGC ] Midl                       0         0       0
BUILD: [00:0000006953:PROGC ] Message                    0         0       0
BUILD: [00:0000006953:PROGC ] Precomp Header             0         0       0
BUILD: [00:0000006953:PROGC ] Resource                   0         0       0
BUILD: [00:0000006953:PROGC ] XRPack                     0         0       0
BUILD: [00:0000006953:PROGC ] MASM                       0         0       0
BUILD: [00:0000006953:PROGC ] SHASM                      0         0       0
BUILD: [00:0000006953:PROGC ] ARMASM                     0         0       0
BUILD: [00:0000006953:PROGC ] C++                        0         0       0
BUILD: [00:0000006953:PROGC ] C                          1         0       0
BUILD: [00:0000006953:PROGC ] CheckLibs                  0         0       0
BUILD: [00:0000006953:PROGC ] Static Libraries           0         0       0
BUILD: [00:0000006953:PROGC ] Exe's                      0         0       0
BUILD: [00:0000006953:PROGC ] Dll's                      2         0       0
BUILD: [00:0000006953:PROGC ] Preprocess deffile         0         0       0
BUILD: [00:0000006953:PROGC ] Resx                       0         0       0
BUILD: [00:0000006953:PROGC ] CSharp Compile             0         0       0
BUILD: [00:0000006953:PROGC ] VCProj Compile             0         0       0
BUILD: [00:0000006953:PROGC ] NETCF Build                0         0       0
BUILD: [00:0000006953:PROGC ] Localization               0         0       0
BUILD: [00:0000006953:PROGC ] Other                      0         4       0
BUILD: [00:0000006953:PROGC ] 
BUILD: [00:0000006953:PROGC ] Total                      3         4       0
BUILD: [00:0000006953:PROGC ] 
BUILD: [00:0000006953:PROGC ] 4 Warnings,  0 Errors
BUILD: [00:0000006953:PROGC ] GetSystemTimes (seconds): Idle: 0     Kernel: 7     User: 6    
BUILD: [00:0000006953:PROGC ] Elapsed  time  (seconds): 7    
