BUILD: [00:0000000000:PROGC ] Build started with parameters:
BUILD: [00:0000000000:PROGC ] Build started in directory: C:\WINCE800\OSDesigns\QEMU\QEMU\PumpkinOS\src\Launcher
BUILD: [00:0000000000:PROGC ] Running passes WCEFILES0, MIDL, MC, ASN, THUNK, RUN_WPP, XRPACK, PRECOMPHEADER, COMPILE, RENUMBERICONIDS, RES2RES, LIB, EXPLIB, LINK, LOCALIZE, MANAGEDRESX, MANAGEDMOD, MANAGEDDLL, MANAGEDEXE, MANAGEDWIN, POSTBUILD for ARM.
BUILD: [00:0000000000:PROGC ] Loading database "C:\wince800\osdesigns\qemu\qemu\pumpkinos\BuildARMV7retail.dat".
BUILD: [00:0000000031:PROGC ] Done.
BUILD: [00:0000000031:PROGC ] Computing include file dependencies:
BUILD: [01:0000000078:PROGC ] Scan C:\wince800\osdesigns\qemu\qemu\pumpkinos\src\launcher\
BUILD: [00:0000000375:PROGC ] Warning(s) in directory "C:\wince800\osdesigns\qemu\qemu\pumpkinos\src\launcher\".
BUILD: [00:0000000719:PROGC ] Directory scanning complete.
BUILD: [00:0000000719:PROGC ] Saving C:\wince800\osdesigns\qemu\qemu\pumpkinos\BuildARMV7retail.dat.
BUILD: [00:0000000719:PROGC ] Saving Master Database complete.
BUILD: [00:0000000719:PROGC ] Starting WCEFILES0 Pass.
BUILD: [00:0000000719:PROGC ] Analyzing project dependency information for pass WCEFILES0.
BUILD: [00:0000000719:PROGC ] Starting MIDL Pass.
BUILD: [00:0000000719:PROGC ] Analyzing project dependency information for pass MIDL.
BUILD: [00:0000000735:PROGC ] Starting MC Pass.
BUILD: [00:0000000735:PROGC ] Analyzing project dependency information for pass MC.
BUILD: [00:0000000735:PROGC ] Starting ASN Pass.
BUILD: [00:0000000735:PROGC ] Analyzing project dependency information for pass ASN.
BUILD: [00:0000000735:PROGC ] Starting THUNK Pass.
BUILD: [00:0000000735:PROGC ] Analyzing project dependency information for pass THUNK.
BUILD: [00:0000000735:PROGC ] Starting RUN_WPP Pass.
BUILD: [00:0000000735:PROGC ] Analyzing project dependency information for pass RUN_WPP.
BUILD: [00:0000000735:PROGC ] Starting XRPACK Pass.
BUILD: [00:0000000735:PROGC ] Analyzing project dependency information for pass XRPACK.
BUILD: [00:0000000735:PROGC ] Starting PRECOMPHEADER Pass.
BUILD: [00:0000000735:PROGC ] Analyzing project dependency information for pass PRECOMPHEADER.
BUILD: [00:0000000735:PROGC ] Starting COMPILE Pass.
BUILD: [00:0000000735:PROGC ] Analyzing project dependency information for pass COMPILE.
BUILD: [00:0000000766:PROGC ] Building COMPILE Pass in C:\wince800\osdesigns\qemu\qemu\pumpkinos\src\launcher\ directory.
BUILD: [01:0000000922:PROGC ] Compiling .\Launcher.c
BUILD: [00:0000002203:PROGC ] Starting RENUMBERICONIDS Pass.
BUILD: [00:0000002203:PROGC ] Analyzing project dependency information for pass RENUMBERICONIDS.
BUILD: [00:0000002203:PROGC ] Starting RES2RES Pass.
BUILD: [00:0000002203:PROGC ] Analyzing project dependency information for pass RES2RES.
BUILD: [00:0000002203:PROGC ] Starting LIB Pass.
BUILD: [00:0000002203:PROGC ] Analyzing project dependency information for pass LIB.
BUILD: [00:0000002578:PROGC ] Starting EXPLIB Pass.
BUILD: [00:0000002578:PROGC ] Analyzing project dependency information for pass EXPLIB.
BUILD: [00:0000002594:PROGC ] Building EXPLIB Pass in C:\wince800\osdesigns\qemu\qemu\pumpkinos\src\launcher\ directory.
BUILD: [01:0000002766:PROGC ] Linking C:\wince800\osdesigns\qemu\qemu\pumpkinos\src\launcher\obj\ARMV7\retail\Launcher.lib
BUILD: [00:0000002906:PROGC ] Starting LINK Pass.
BUILD: [00:0000002906:PROGC ] Analyzing project dependency information for pass LINK.
BUILD: [00:0000003078:PROGC ] Building LINK Pass in C:\wince800\osdesigns\qemu\qemu\pumpkinos\src\launcher\ directory.
BUILD: [01:0000003235:PROGC ] Linking C:\wince800\osdesigns\qemu\qemu\pumpkinos\src\launcher\obj\ARMV7\retail\Launcher.dll
BUILD: [00:0000003875:PROGC ] Starting LOCALIZE Pass.
BUILD: [00:0000003875:PROGC ] Analyzing project dependency information for pass LOCALIZE.
BUILD: [00:0000003875:PROGC ] Starting MANAGEDRESX Pass.
BUILD: [00:0000003875:PROGC ] Analyzing project dependency information for pass MANAGEDRESX.
BUILD: [00:0000003875:PROGC ] Starting MANAGEDMOD Pass.
BUILD: [00:0000003875:PROGC ] Analyzing project dependency information for pass MANAGEDMOD.
BUILD: [00:0000003875:PROGC ] Starting MANAGEDDLL Pass.
BUILD: [00:0000003875:PROGC ] Analyzing project dependency information for pass MANAGEDDLL.
BUILD: [00:0000003875:PROGC ] Starting MANAGEDEXE Pass.
BUILD: [00:0000003875:PROGC ] Analyzing project dependency information for pass MANAGEDEXE.
BUILD: [00:0000003875:PROGC ] Starting MANAGEDWIN Pass.
BUILD: [00:0000003875:PROGC ] Analyzing project dependency information for pass MANAGEDWIN.
BUILD: [00:0000003875:PROGC ] Starting POSTBUILD Pass.
BUILD: [00:0000003875:PROGC ] Analyzing project dependency information for pass POSTBUILD.
BUILD: [00:0000004156:PROGC ] Saving C:\wince800\osdesigns\qemu\qemu\pumpkinos\BuildARMV7retail.dat.
BUILD: [00:0000004172:PROGC ] Done.
BUILD: [00:0000004188:PROGC ]                        Files  Warnings  Errors
BUILD: [00:0000004188:PROGC ] Midl                       0         0       0
BUILD: [00:0000004188:PROGC ] Message                    0         0       0
BUILD: [00:0000004188:PROGC ] Precomp Header             0         0       0
BUILD: [00:0000004188:PROGC ] Resource                   0         0       0
BUILD: [00:0000004188:PROGC ] XRPack                     0         0       0
BUILD: [00:0000004188:PROGC ] MASM                       0         0       0
BUILD: [00:0000004188:PROGC ] SHASM                      0         0       0
BUILD: [00:0000004188:PROGC ] ARMASM                     0         0       0
BUILD: [00:0000004188:PROGC ] C++                        0         0       0
BUILD: [00:0000004188:PROGC ] C                          1         0       0
BUILD: [00:0000004188:PROGC ] CheckLibs                  0         0       0
BUILD: [00:0000004188:PROGC ] Static Libraries           0         0       0
BUILD: [00:0000004188:PROGC ] Exe's                      0         0       0
BUILD: [00:0000004188:PROGC ] Dll's                      2         0       0
BUILD: [00:0000004188:PROGC ] Preprocess deffile         0         0       0
BUILD: [00:0000004188:PROGC ] Resx                       0         0       0
BUILD: [00:0000004188:PROGC ] CSharp Compile             0         0       0
BUILD: [00:0000004188:PROGC ] VCProj Compile             0         0       0
BUILD: [00:0000004188:PROGC ] NETCF Build                0         0       0
BUILD: [00:0000004188:PROGC ] Localization               0         0       0
BUILD: [00:0000004188:PROGC ] Other                      0        14       0
BUILD: [00:0000004188:PROGC ] 
BUILD: [00:0000004188:PROGC ] Total                      3        14       0
BUILD: [00:0000004188:PROGC ] 
BUILD: [00:0000004188:PROGC ] 14 Warnings,  0 Errors
BUILD: [00:0000004203:PROGC ] GetSystemTimes (seconds): Idle: 0     Kernel: 4     User: 4    
BUILD: [00:0000004203:PROGC ] Elapsed  time  (seconds): 4    
