BUILD: [00:0000000000:PROGC ] Build started with parameters: -c
BUILD: [00:0000000000:PROGC ] Build started in directory: C:\WINCE800\OSDesigns\QEMU\QEMU\PumpkinOS\src\libtimidity\src
BUILD: [00:0000000000:PROGC ] Running passes WCEFILES0, MIDL, MC, ASN, THUNK, RUN_WPP, XRPACK, PRECOMPHEADER, COMPILE, RENUMBERICONIDS, RES2RES, LIB, EXPLIB, LINK, LOCALIZE, MANAGEDRESX, MANAGEDMOD, MANAGEDDLL, MANAGEDEXE, MANAGEDWIN, POSTBUILD for ARM.
BUILD: [00:0000000000:PROGC ] Ignoring build database (-c specified).
BUILD: [00:0000000000:PROGC ] Computing include file dependencies:
BUILD: [01:0000000110:PROGC ] Scan C:\wince800\osdesigns\qemu\qemu\pumpkinos\src\libtimidity\src\
BUILD: [00:0000003266:PROGC ] Warning(s) in directory "C:\wince800\osdesigns\qemu\qemu\pumpkinos\src\libtimidity\src\".
BUILD: [00:0000003313:PROGC ] Directory scanning complete.
BUILD: [00:0000003313:PROGC ] Saving C:\wince800\osdesigns\qemu\qemu\pumpkinos\BuildARMV7retail.dat.
BUILD: [00:0000003313:PROGC ] Saving Master Database complete.
BUILD: [00:0000003313:PROGC ] Starting WCEFILES0 Pass.
BUILD: [00:0000003313:PROGC ] Analyzing project dependency information for pass WCEFILES0.
BUILD: [00:0000003328:PROGC ] Starting MIDL Pass.
BUILD: [00:0000003328:PROGC ] Analyzing project dependency information for pass MIDL.
BUILD: [00:0000003328:PROGC ] Starting MC Pass.
BUILD: [00:0000003328:PROGC ] Analyzing project dependency information for pass MC.
BUILD: [00:0000003328:PROGC ] Starting ASN Pass.
BUILD: [00:0000003328:PROGC ] Analyzing project dependency information for pass ASN.
BUILD: [00:0000003328:PROGC ] Starting THUNK Pass.
BUILD: [00:0000003328:PROGC ] Analyzing project dependency information for pass THUNK.
BUILD: [00:0000003328:PROGC ] Starting RUN_WPP Pass.
BUILD: [00:0000003328:PROGC ] Analyzing project dependency information for pass RUN_WPP.
BUILD: [00:0000003328:PROGC ] Starting XRPACK Pass.
BUILD: [00:0000003328:PROGC ] Analyzing project dependency information for pass XRPACK.
BUILD: [00:0000003328:PROGC ] Starting PRECOMPHEADER Pass.
BUILD: [00:0000003328:PROGC ] Analyzing project dependency information for pass PRECOMPHEADER.
BUILD: [00:0000003328:PROGC ] Starting COMPILE Pass.
BUILD: [00:0000003328:PROGC ] Analyzing project dependency information for pass COMPILE.
BUILD: [00:0000003375:PROGC ] Building COMPILE Pass in C:\wince800\osdesigns\qemu\qemu\pumpkinos\src\libtimidity\src\ directory.
BUILD: [01:0000003891:PROGC ] Compiling .\common.c .\instrum.c .\mix.c .\output.c .\playmidi.c .\readmidi.c .\resample.c .\stream.c .\tables.c .\timidity.c
BUILD: [00:0000005266:PROGC ] Starting RENUMBERICONIDS Pass.
BUILD: [00:0000005266:PROGC ] Analyzing project dependency information for pass RENUMBERICONIDS.
BUILD: [00:0000005266:PROGC ] Starting RES2RES Pass.
BUILD: [00:0000005266:PROGC ] Analyzing project dependency information for pass RES2RES.
BUILD: [00:0000005266:PROGC ] Starting LIB Pass.
BUILD: [00:0000005266:PROGC ] Analyzing project dependency information for pass LIB.
BUILD: [00:0000005282:PROGC ] Building LIB Pass in C:\wince800\osdesigns\qemu\qemu\pumpkinos\src\libtimidity\src\ directory.
BUILD: [01:0000005516:PROGC ] Linking C:\wince800\osdesigns\qemu\qemu\pumpkinos\src\libtimidity\src\obj\ARMV7\retail\libtimidity.lib
BUILD: [00:0000005703:PROGC ] Starting EXPLIB Pass.
BUILD: [00:0000005703:PROGC ] Analyzing project dependency information for pass EXPLIB.
BUILD: [00:0000005703:PROGC ] Starting LINK Pass.
BUILD: [00:0000005703:PROGC ] Analyzing project dependency information for pass LINK.
BUILD: [00:0000005703:PROGC ] Starting LOCALIZE Pass.
BUILD: [00:0000005703:PROGC ] Analyzing project dependency information for pass LOCALIZE.
BUILD: [00:0000005703:PROGC ] Starting MANAGEDRESX Pass.
BUILD: [00:0000005703:PROGC ] Analyzing project dependency information for pass MANAGEDRESX.
BUILD: [00:0000005703:PROGC ] Starting MANAGEDMOD Pass.
BUILD: [00:0000005703:PROGC ] Analyzing project dependency information for pass MANAGEDMOD.
BUILD: [00:0000005703:PROGC ] Starting MANAGEDDLL Pass.
BUILD: [00:0000005703:PROGC ] Analyzing project dependency information for pass MANAGEDDLL.
BUILD: [00:0000005703:PROGC ] Starting MANAGEDEXE Pass.
BUILD: [00:0000005703:PROGC ] Analyzing project dependency information for pass MANAGEDEXE.
BUILD: [00:0000005703:PROGC ] Starting MANAGEDWIN Pass.
BUILD: [00:0000005703:PROGC ] Analyzing project dependency information for pass MANAGEDWIN.
BUILD: [00:0000005703:PROGC ] Starting POSTBUILD Pass.
BUILD: [00:0000005703:PROGC ] Analyzing project dependency information for pass POSTBUILD.
BUILD: [00:0000005703:PROGC ] Saving C:\wince800\osdesigns\qemu\qemu\pumpkinos\BuildARMV7retail.dat.
BUILD: [00:0000005703:PROGC ] Done.
BUILD: [00:0000005703:PROGC ]                        Files  Warnings  Errors
BUILD: [00:0000005703:PROGC ] Midl                       0         0       0
BUILD: [00:0000005703:PROGC ] Message                    0         0       0
BUILD: [00:0000005703:PROGC ] Precomp Header             0         0       0
BUILD: [00:0000005703:PROGC ] Resource                   0         0       0
BUILD: [00:0000005703:PROGC ] XRPack                     0         0       0
BUILD: [00:0000005703:PROGC ] MASM                       0         0       0
BUILD: [00:0000005703:PROGC ] SHASM                      0         0       0
BUILD: [00:0000005703:PROGC ] ARMASM                     0         0       0
BUILD: [00:0000005703:PROGC ] C++                        0         0       0
BUILD: [00:0000005703:PROGC ] C                          1         0       0
BUILD: [00:0000005703:PROGC ] CheckLibs                  0         0       0
BUILD: [00:0000005703:PROGC ] Static Libraries           1         0       0
BUILD: [00:0000005703:PROGC ] Exe's                      0         0       0
BUILD: [00:0000005703:PROGC ] Dll's                      0         0       0
BUILD: [00:0000005703:PROGC ] Preprocess deffile         0         0       0
BUILD: [00:0000005703:PROGC ] Resx                       0         0       0
BUILD: [00:0000005703:PROGC ] CSharp Compile             0         0       0
BUILD: [00:0000005703:PROGC ] VCProj Compile             0         0       0
BUILD: [00:0000005703:PROGC ] NETCF Build                0         0       0
BUILD: [00:0000005703:PROGC ] Localization               0         0       0
BUILD: [00:0000005703:PROGC ] Other                      0         4       0
BUILD: [00:0000005703:PROGC ] 
BUILD: [00:0000005703:PROGC ] Total                      2         4       0
BUILD: [00:0000005703:PROGC ] 
BUILD: [00:0000005703:PROGC ] 4 Warnings,  0 Errors
BUILD: [00:0000005703:PROGC ] GetSystemTimes (seconds): Idle: 3     Kernel: 6     User: 4    
BUILD: [00:0000005703:PROGC ] Elapsed  time  (seconds): 5    
