BUILD: [00:0000000000:PROGC ] Build started with parameters:
BUILD: [00:0000000000:PROGC ] Build started in directory: C:\WINCE800\OSDesigns\QEMU\QEMU\PumpkinOS\src\DateBook
BUILD: [00:0000000000:PROGC ] Running passes WCEFILES0, MIDL, MC, ASN, THUNK, RUN_WPP, XRPACK, PRECOMPHEADER, COMPILE, RENUMBERICONIDS, RES2RES, LIB, EXPLIB, LINK, LOCALIZE, MANAGEDRESX, MANAGEDMOD, MANAGEDDLL, MANAGEDEXE, MANAGEDWIN, POSTBUILD for ARM.
BUILD: [00:0000000000:PROGC ] Loading database "C:\wince800\osdesigns\qemu\qemu\pumpkinos\BuildARMV7retail.dat".
BUILD: [00:0000000031:PROGC ] Done.
BUILD: [00:0000000031:PROGC ] Computing include file dependencies:
BUILD: [01:0000000297:PROGC ] Scan C:\wince800\osdesigns\qemu\qemu\pumpkinos\src\datebook\
BUILD: [00:0000000531:PROGC ] Warning(s) in directory "C:\wince800\osdesigns\qemu\qemu\pumpkinos\src\datebook\".
BUILD: [00:0000000562:PROGC ] Directory scanning complete.
BUILD: [00:0000000562:PROGC ] Saving C:\wince800\osdesigns\qemu\qemu\pumpkinos\BuildARMV7retail.dat.
BUILD: [00:0000000562:PROGC ] Saving Master Database complete.
BUILD: [00:0000000562:PROGC ] Starting WCEFILES0 Pass.
BUILD: [00:0000000562:PROGC ] Analyzing project dependency information for pass WCEFILES0.
BUILD: [00:0000000562:PROGC ] Starting MIDL Pass.
BUILD: [00:0000000562:PROGC ] Analyzing project dependency information for pass MIDL.
BUILD: [00:0000000578:PROGC ] Starting MC Pass.
BUILD: [00:0000000578:PROGC ] Analyzing project dependency information for pass MC.
BUILD: [00:0000000578:PROGC ] Starting ASN Pass.
BUILD: [00:0000000578:PROGC ] Analyzing project dependency information for pass ASN.
BUILD: [00:0000000578:PROGC ] Starting THUNK Pass.
BUILD: [00:0000000578:PROGC ] Analyzing project dependency information for pass THUNK.
BUILD: [00:0000000578:PROGC ] Starting RUN_WPP Pass.
BUILD: [00:0000000578:PROGC ] Analyzing project dependency information for pass RUN_WPP.
BUILD: [00:0000000578:PROGC ] Starting XRPACK Pass.
BUILD: [00:0000000578:PROGC ] Analyzing project dependency information for pass XRPACK.
BUILD: [00:0000000578:PROGC ] Starting PRECOMPHEADER Pass.
BUILD: [00:0000000578:PROGC ] Analyzing project dependency information for pass PRECOMPHEADER.
BUILD: [00:0000000578:PROGC ] Starting COMPILE Pass.
BUILD: [00:0000000578:PROGC ] Analyzing project dependency information for pass COMPILE.
BUILD: [00:0000000594:PROGC ] Starting RENUMBERICONIDS Pass.
BUILD: [00:0000000594:PROGC ] Analyzing project dependency information for pass RENUMBERICONIDS.
BUILD: [00:0000000594:PROGC ] Starting RES2RES Pass.
BUILD: [00:0000000594:PROGC ] Analyzing project dependency information for pass RES2RES.
BUILD: [00:0000000594:PROGC ] Starting LIB Pass.
BUILD: [00:0000000594:PROGC ] Analyzing project dependency information for pass LIB.
BUILD: [00:0000000594:PROGC ] Starting EXPLIB Pass.
BUILD: [00:0000000594:PROGC ] Analyzing project dependency information for pass EXPLIB.
BUILD: [00:0000000594:PROGC ] Starting LINK Pass.
BUILD: [00:0000000594:PROGC ] Analyzing project dependency information for pass LINK.
BUILD: [00:0000000734:PROGC ] Starting LOCALIZE Pass.
BUILD: [00:0000000734:PROGC ] Analyzing project dependency information for pass LOCALIZE.
BUILD: [00:0000000734:PROGC ] Starting MANAGEDRESX Pass.
BUILD: [00:0000000734:PROGC ] Analyzing project dependency information for pass MANAGEDRESX.
BUILD: [00:0000000734:PROGC ] Starting MANAGEDMOD Pass.
BUILD: [00:0000000734:PROGC ] Analyzing project dependency information for pass MANAGEDMOD.
BUILD: [00:0000000750:PROGC ] Starting MANAGEDDLL Pass.
BUILD: [00:0000000750:PROGC ] Analyzing project dependency information for pass MANAGEDDLL.
BUILD: [00:0000000750:PROGC ] Starting MANAGEDEXE Pass.
BUILD: [00:0000000750:PROGC ] Analyzing project dependency information for pass MANAGEDEXE.
BUILD: [00:0000000750:PROGC ] Starting MANAGEDWIN Pass.
BUILD: [00:0000000750:PROGC ] Analyzing project dependency information for pass MANAGEDWIN.
BUILD: [00:0000000750:PROGC ] Starting POSTBUILD Pass.
BUILD: [00:0000000750:PROGC ] Analyzing project dependency information for pass POSTBUILD.
BUILD: [00:0000001391:PROGC ] Saving C:\wince800\osdesigns\qemu\qemu\pumpkinos\BuildARMV7retail.dat.
BUILD: [00:0000001391:PROGC ] Done.
BUILD: [00:0000001391:PROGC ]                        Files  Warnings  Errors
BUILD: [00:0000001391:PROGC ] Midl                       0         0       0
BUILD: [00:0000001406:PROGC ] Message                    0         0       0
BUILD: [00:0000001406:PROGC ] Precomp Header             0         0       0
BUILD: [00:0000001406:PROGC ] Resource                   0         0       0
BUILD: [00:0000001406:PROGC ] XRPack                     0         0       0
BUILD: [00:0000001406:PROGC ] MASM                       0         0       0
BUILD: [00:0000001406:PROGC ] SHASM                      0         0       0
BUILD: [00:0000001406:PROGC ] ARMASM                     0         0       0
BUILD: [00:0000001406:PROGC ] C++                        0         0       0
BUILD: [00:0000001406:PROGC ] C                          0         0       0
BUILD: [00:0000001406:PROGC ] CheckLibs                  0         0       0
BUILD: [00:0000001406:PROGC ] Static Libraries           0         0       0
BUILD: [00:0000001406:PROGC ] Exe's                      0         0       0
BUILD: [00:0000001406:PROGC ] Dll's                      0         0       0
BUILD: [00:0000001406:PROGC ] Preprocess deffile         0         0       0
BUILD: [00:0000001406:PROGC ] Resx                       0         0       0
BUILD: [00:0000001406:PROGC ] CSharp Compile             0         0       0
BUILD: [00:0000001422:PROGC ] VCProj Compile             0         0       0
BUILD: [00:0000001422:PROGC ] NETCF Build                0         0       0
BUILD: [00:0000001422:PROGC ] Localization               0         0       0
BUILD: [00:0000001422:PROGC ] Other                      0        14       0
BUILD: [00:0000001422:PROGC ] 
BUILD: [00:0000001422:PROGC ] Total                      0        14       0
BUILD: [00:0000001422:PROGC ] 
BUILD: [00:0000001422:PROGC ] 14 Warnings,  0 Errors
BUILD: [00:0000001422:PROGC ] GetSystemTimes (seconds): Idle: 0     Kernel: 1     User: 1    
BUILD: [00:0000001422:PROGC ] Elapsed  time  (seconds): 1    
