BUILD: [00:0000000000:PROGC ] Build started with parameters:
BUILD: [00:0000000000:PROGC ] Build started in directory: C:\WINCE800\OSDesigns\QEMU\QEMU\PumpkinOS\src\Preferences
BUILD: [00:0000000000:PROGC ] Running passes WCEFILES0, MIDL, MC, ASN, THUNK, RUN_WPP, XRPACK, PRECOMPHEADER, COMPILE, RENUMBERICONIDS, RES2RES, LIB, EXPLIB, LINK, LOCALIZE, MANAGEDRESX, MANAGEDMOD, MANAGEDDLL, MANAGEDEXE, MANAGEDWIN, POSTBUILD for ARM.
BUILD: [00:0000000000:PROGC ] Loading database "C:\wince800\osdesigns\qemu\qemu\pumpkinos\BuildARMV7retail.dat".
BUILD: [00:0000000016:PROGC ] Done.
BUILD: [00:0000000016:PROGC ] Computing include file dependencies:
BUILD: [01:0000000031:PROGC ] Scan C:\wince800\osdesigns\qemu\qemu\pumpkinos\src\preferences\
BUILD: [00:0000000328:PROGC ] Warning(s) in directory "C:\wince800\osdesigns\qemu\qemu\pumpkinos\src\preferences\".
BUILD: [00:0000000359:PROGC ] Directory scanning complete.
BUILD: [00:0000000359:PROGC ] Saving Master Database complete.
BUILD: [00:0000000359:PROGC ] Starting WCEFILES0 Pass.
BUILD: [00:0000000375:PROGC ] Analyzing project dependency information for pass WCEFILES0.
BUILD: [00:0000000375:PROGC ] Starting MIDL Pass.
BUILD: [00:0000000375:PROGC ] Analyzing project dependency information for pass MIDL.
BUILD: [00:0000000375:PROGC ] Starting MC Pass.
BUILD: [00:0000000375:PROGC ] Analyzing project dependency information for pass MC.
BUILD: [00:0000000375:PROGC ] Starting ASN Pass.
BUILD: [00:0000000375:PROGC ] Analyzing project dependency information for pass ASN.
BUILD: [00:0000000375:PROGC ] Starting THUNK Pass.
BUILD: [00:0000000375:PROGC ] Analyzing project dependency information for pass THUNK.
BUILD: [00:0000000375:PROGC ] Starting RUN_WPP Pass.
BUILD: [00:0000000375:PROGC ] Analyzing project dependency information for pass RUN_WPP.
BUILD: [00:0000000375:PROGC ] Starting XRPACK Pass.
BUILD: [00:0000000375:PROGC ] Analyzing project dependency information for pass XRPACK.
BUILD: [00:0000000375:PROGC ] Starting PRECOMPHEADER Pass.
BUILD: [00:0000000375:PROGC ] Analyzing project dependency information for pass PRECOMPHEADER.
BUILD: [00:0000000375:PROGC ] Starting COMPILE Pass.
BUILD: [00:0000000391:PROGC ] Analyzing project dependency information for pass COMPILE.
BUILD: [00:0000000391:PROGC ] Building COMPILE Pass in C:\wince800\osdesigns\qemu\qemu\pumpkinos\src\preferences\ directory.
BUILD: [01:0000000516:PROGC ] Compiling .\Preferences.c
BUILD: [00:0000001547:PROGC ] Starting RENUMBERICONIDS Pass.
BUILD: [00:0000001547:PROGC ] Analyzing project dependency information for pass RENUMBERICONIDS.
BUILD: [00:0000001563:PROGC ] Starting RES2RES Pass.
BUILD: [00:0000001563:PROGC ] Analyzing project dependency information for pass RES2RES.
BUILD: [00:0000001563:PROGC ] Starting LIB Pass.
BUILD: [00:0000001563:PROGC ] Analyzing project dependency information for pass LIB.
BUILD: [00:0000001750:PROGC ] Starting EXPLIB Pass.
BUILD: [00:0000001750:PROGC ] Analyzing project dependency information for pass EXPLIB.
BUILD: [00:0000001750:PROGC ] Building EXPLIB Pass in C:\wince800\osdesigns\qemu\qemu\pumpkinos\src\preferences\ directory.
BUILD: [01:0000001906:PROGC ] Linking C:\wince800\osdesigns\qemu\qemu\pumpkinos\src\preferences\obj\ARMV7\retail\Preferences.lib
BUILD: [00:0000002031:PROGC ] Starting LINK Pass.
BUILD: [00:0000002031:PROGC ] Analyzing project dependency information for pass LINK.
BUILD: [00:0000002172:PROGC ] Building LINK Pass in C:\wince800\osdesigns\qemu\qemu\pumpkinos\src\preferences\ directory.
BUILD: [01:0000002297:PROGC ] Linking C:\wince800\osdesigns\qemu\qemu\pumpkinos\src\preferences\obj\ARMV7\retail\Preferences.dll
BUILD: [00:0000002859:PROGC ] Starting LOCALIZE Pass.
BUILD: [00:0000002859:PROGC ] Analyzing project dependency information for pass LOCALIZE.
BUILD: [00:0000002859:PROGC ] Starting MANAGEDRESX Pass.
BUILD: [00:0000002859:PROGC ] Analyzing project dependency information for pass MANAGEDRESX.
BUILD: [00:0000002859:PROGC ] Starting MANAGEDMOD Pass.
BUILD: [00:0000002859:PROGC ] Analyzing project dependency information for pass MANAGEDMOD.
BUILD: [00:0000002859:PROGC ] Starting MANAGEDDLL Pass.
BUILD: [00:0000002859:PROGC ] Analyzing project dependency information for pass MANAGEDDLL.
BUILD: [00:0000002859:PROGC ] Starting MANAGEDEXE Pass.
BUILD: [00:0000002859:PROGC ] Analyzing project dependency information for pass MANAGEDEXE.
BUILD: [00:0000002859:PROGC ] Starting MANAGEDWIN Pass.
BUILD: [00:0000002859:PROGC ] Analyzing project dependency information for pass MANAGEDWIN.
BUILD: [00:0000002859:PROGC ] Starting POSTBUILD Pass.
BUILD: [00:0000002859:PROGC ] Analyzing project dependency information for pass POSTBUILD.
BUILD: [00:0000003125:PROGC ] Saving C:\wince800\osdesigns\qemu\qemu\pumpkinos\BuildARMV7retail.dat.
BUILD: [00:0000003125:PROGC ] Done.
BUILD: [00:0000003125:PROGC ]                        Files  Warnings  Errors
BUILD: [00:0000003125:PROGC ] Midl                       0         0       0
BUILD: [00:0000003125:PROGC ] Message                    0         0       0
BUILD: [00:0000003141:PROGC ] Precomp Header             0         0       0
BUILD: [00:0000003141:PROGC ] Resource                   0         0       0
BUILD: [00:0000003141:PROGC ] XRPack                     0         0       0
BUILD: [00:0000003141:PROGC ] MASM                       0         0       0
BUILD: [00:0000003141:PROGC ] SHASM                      0         0       0
BUILD: [00:0000003141:PROGC ] ARMASM                     0         0       0
BUILD: [00:0000003141:PROGC ] C++                        0         0       0
BUILD: [00:0000003141:PROGC ] C                          1         0       0
BUILD: [00:0000003141:PROGC ] CheckLibs                  0         0       0
BUILD: [00:0000003141:PROGC ] Static Libraries           0         0       0
BUILD: [00:0000003141:PROGC ] Exe's                      0         0       0
BUILD: [00:0000003141:PROGC ] Dll's                      2         0       0
BUILD: [00:0000003141:PROGC ] Preprocess deffile         0         0       0
BUILD: [00:0000003141:PROGC ] Resx                       0         0       0
BUILD: [00:0000003141:PROGC ] CSharp Compile             0         0       0
BUILD: [00:0000003141:PROGC ] VCProj Compile             0         0       0
BUILD: [00:0000003141:PROGC ] NETCF Build                0         0       0
BUILD: [00:0000003141:PROGC ] Localization               0         0       0
BUILD: [00:0000003141:PROGC ] Other                      0        14       0
BUILD: [00:0000003156:PROGC ] 
BUILD: [00:0000003156:PROGC ] Total                      3        14       0
BUILD: [00:0000003156:PROGC ] 
BUILD: [00:0000003156:PROGC ] 14 Warnings,  0 Errors
BUILD: [00:0000003156:PROGC ] GetSystemTimes (seconds): Idle: 1     Kernel: 4     User: 2    
BUILD: [00:0000003156:PROGC ] Elapsed  time  (seconds): 3    
