BUILD: [00:0000000000:PROGC ] Build started with parameters:
BUILD: [00:0000000000:PROGC ] Build started in directory: C:\WINCE800\OSDesigns\QEMU\QEMU\PumpkinOS\src\libpumpkin
BUILD: [00:0000000000:PROGC ] Running passes WCEFILES0, MIDL, MC, ASN, THUNK, RUN_WPP, XRPACK, PRECOMPHEADER, COMPILE, RENUMBERICONIDS, RES2RES, LIB, EXPLIB, LINK, LOCALIZE, MANAGEDRESX, MANAGEDMOD, MANAGEDDLL, MANAGEDEXE, MANAGEDWIN, POSTBUILD for ARM.
BUILD: [00:0000000000:PROGC ] Loading database "C:\wince800\osdesigns\qemu\qemu\pumpkinos\BuildARMV7retail.dat".
BUILD: [00:0000000032:PROGC ] Done.
BUILD: [00:0000000032:PROGC ] Computing include file dependencies:
BUILD: [01:0000000235:PROGC ] Scan C:\wince800\osdesigns\qemu\qemu\pumpkinos\src\libpumpkin\
BUILD: [00:0000000547:PROGC ] Warning(s) in directory "C:\wince800\osdesigns\qemu\qemu\pumpkinos\src\libpumpkin\".
BUILD: [00:0000000579:PROGC ] Directory scanning complete.
BUILD: [00:0000000579:PROGC ] Saving C:\wince800\osdesigns\qemu\qemu\pumpkinos\BuildARMV7retail.dat.
BUILD: [00:0000000579:PROGC ] Saving Master Database complete.
BUILD: [00:0000000579:PROGC ] Starting WCEFILES0 Pass.
BUILD: [00:0000000579:PROGC ] Analyzing project dependency information for pass WCEFILES0.
BUILD: [00:0000000579:PROGC ] Starting MIDL Pass.
BUILD: [00:0000000579:PROGC ] Analyzing project dependency information for pass MIDL.
BUILD: [00:0000000579:PROGC ] Starting MC Pass.
BUILD: [00:0000000579:PROGC ] Analyzing project dependency information for pass MC.
BUILD: [00:0000000579:PROGC ] Starting ASN Pass.
BUILD: [00:0000000579:PROGC ] Analyzing project dependency information for pass ASN.
BUILD: [00:0000000579:PROGC ] Starting THUNK Pass.
BUILD: [00:0000000579:PROGC ] Analyzing project dependency information for pass THUNK.
BUILD: [00:0000000579:PROGC ] Starting RUN_WPP Pass.
BUILD: [00:0000000579:PROGC ] Analyzing project dependency information for pass RUN_WPP.
BUILD: [00:0000000579:PROGC ] Starting XRPACK Pass.
BUILD: [00:0000000579:PROGC ] Analyzing project dependency information for pass XRPACK.
BUILD: [00:0000000579:PROGC ] Starting PRECOMPHEADER Pass.
BUILD: [00:0000000579:PROGC ] Analyzing project dependency information for pass PRECOMPHEADER.
BUILD: [00:0000000579:PROGC ] Starting COMPILE Pass.
BUILD: [00:0000000579:PROGC ] Analyzing project dependency information for pass COMPILE.
BUILD: [00:0000000719:PROGC ] Building COMPILE Pass in C:\wince800\osdesigns\qemu\qemu\pumpkinos\src\libpumpkin\ directory.
BUILD: [01:0000000875:PROGC ] Compiling .\pumpkin.c .\taskbar.c
BUILD: [00:0000002579:PROGC ] Starting RENUMBERICONIDS Pass.
BUILD: [00:0000002579:PROGC ] Analyzing project dependency information for pass RENUMBERICONIDS.
BUILD: [00:0000002579:PROGC ] Starting RES2RES Pass.
BUILD: [00:0000002579:PROGC ] Analyzing project dependency information for pass RES2RES.
BUILD: [00:0000002579:PROGC ] Starting LIB Pass.
BUILD: [00:0000002579:PROGC ] Analyzing project dependency information for pass LIB.
BUILD: [00:0000002579:PROGC ] Starting EXPLIB Pass.
BUILD: [00:0000002579:PROGC ] Analyzing project dependency information for pass EXPLIB.
BUILD: [00:0000002641:PROGC ] Building EXPLIB Pass in C:\wince800\osdesigns\qemu\qemu\pumpkinos\src\libpumpkin\ directory.
BUILD: [01:0000002907:PROGC ] Linking C:\wince800\osdesigns\qemu\qemu\pumpkinos\src\libpumpkin\obj\ARMV7\retail\libpumpkin.lib
BUILD: [00:0000003235:PROGC ] Starting LINK Pass.
BUILD: [00:0000003235:PROGC ] Analyzing project dependency information for pass LINK.
BUILD: [00:0000003485:PROGC ] Building LINK Pass in C:\wince800\osdesigns\qemu\qemu\pumpkinos\src\libpumpkin\ directory.
BUILD: [01:0000003750:PROGC ] Linking C:\wince800\osdesigns\qemu\qemu\pumpkinos\src\libpumpkin\obj\ARMV7\retail\libpumpkin.dll
BUILD: [00:0000005500:PROGC ] Starting LOCALIZE Pass.
BUILD: [00:0000005500:PROGC ] Analyzing project dependency information for pass LOCALIZE.
BUILD: [00:0000005500:PROGC ] Starting MANAGEDRESX Pass.
BUILD: [00:0000005500:PROGC ] Analyzing project dependency information for pass MANAGEDRESX.
BUILD: [00:0000005500:PROGC ] Starting MANAGEDMOD Pass.
BUILD: [00:0000005500:PROGC ] Analyzing project dependency information for pass MANAGEDMOD.
BUILD: [00:0000005500:PROGC ] Starting MANAGEDDLL Pass.
BUILD: [00:0000005500:PROGC ] Analyzing project dependency information for pass MANAGEDDLL.
BUILD: [00:0000005500:PROGC ] Starting MANAGEDEXE Pass.
BUILD: [00:0000005500:PROGC ] Analyzing project dependency information for pass MANAGEDEXE.
BUILD: [00:0000005500:PROGC ] Starting MANAGEDWIN Pass.
BUILD: [00:0000005500:PROGC ] Analyzing project dependency information for pass MANAGEDWIN.
BUILD: [00:0000005500:PROGC ] Starting POSTBUILD Pass.
BUILD: [00:0000005500:PROGC ] Analyzing project dependency information for pass POSTBUILD.
BUILD: [00:0000005500:PROGC ] Saving C:\wince800\osdesigns\qemu\qemu\pumpkinos\BuildARMV7retail.dat.
BUILD: [00:0000005500:PROGC ] Done.
BUILD: [00:0000005516:PROGC ]                        Files  Warnings  Errors
BUILD: [00:0000005516:PROGC ] Midl                       0         0       0
BUILD: [00:0000005516:PROGC ] Message                    0         0       0
BUILD: [00:0000005516:PROGC ] Precomp Header             0         0       0
BUILD: [00:0000005516:PROGC ] Resource                   0         0       0
BUILD: [00:0000005516:PROGC ] XRPack                     0         0       0
BUILD: [00:0000005516:PROGC ] MASM                       0         0       0
BUILD: [00:0000005516:PROGC ] SHASM                      0         0       0
BUILD: [00:0000005516:PROGC ] ARMASM                     0         0       0
BUILD: [00:0000005516:PROGC ] C++                        0         0       0
BUILD: [00:0000005516:PROGC ] C                          1         0       0
BUILD: [00:0000005516:PROGC ] CheckLibs                  0         0       0
BUILD: [00:0000005516:PROGC ] Static Libraries           0         0       0
BUILD: [00:0000005516:PROGC ] Exe's                      0         0       0
BUILD: [00:0000005516:PROGC ] Dll's                      2         0       0
BUILD: [00:0000005516:PROGC ] Preprocess deffile         0         0       0
BUILD: [00:0000005516:PROGC ] Resx                       0         0       0
BUILD: [00:0000005516:PROGC ] CSharp Compile             0         0       0
BUILD: [00:0000005516:PROGC ] VCProj Compile             0         0       0
BUILD: [00:0000005516:PROGC ] NETCF Build                0         0       0
BUILD: [00:0000005516:PROGC ] Localization               0         0       0
BUILD: [00:0000005516:PROGC ] Other                      0         4       0
BUILD: [00:0000005516:PROGC ] 
BUILD: [00:0000005516:PROGC ] Total                      3         4       0
BUILD: [00:0000005516:PROGC ] 
BUILD: [00:0000005516:PROGC ] 4 Warnings,  0 Errors
BUILD: [00:0000005516:PROGC ] GetSystemTimes (seconds): Idle: 0     Kernel: 6     User: 4    
BUILD: [00:0000005516:PROGC ] Elapsed  time  (seconds): 5    
