BUILD: [00:0000000000:PROGC ] Build started with parameters: -c
BUILD: [00:0000000000:PROGC ] Build started in directory: C:\WINCE800\OSDesigns\QEMU\QEMU\PumpkinOS\src\libresample
BUILD: [00:0000000000:PROGC ] Running passes WCEFILES0, MIDL, MC, ASN, THUNK, RUN_WPP, XRPACK, PRECOMPHEADER, COMPILE, RENUMBERICONIDS, RES2RES, LIB, EXPLIB, LINK, LOCALIZE, MANAGEDRESX, MANAGEDMOD, MANAGEDDLL, MANAGEDEXE, MANAGEDWIN, POSTBUILD for ARM.
BUILD: [00:0000000000:PROGC ] Ignoring build database (-c specified).
BUILD: [00:0000000000:PROGC ] Computing include file dependencies:
BUILD: [01:0000000063:PROGC ] Scan C:\wince800\osdesigns\qemu\qemu\pumpkinos\src\libresample\
BUILD: [00:0000000875:PROGC ] Warning(s) in directory "C:\wince800\osdesigns\qemu\qemu\pumpkinos\src\libresample\".
BUILD: [00:0000000954:PROGC ] Directory scanning complete.
BUILD: [00:0000000954:PROGC ] Saving C:\wince800\osdesigns\qemu\qemu\pumpkinos\BuildARMV7retail.dat.
BUILD: [00:0000000985:PROGC ] Saving Master Database complete.
BUILD: [00:0000000985:PROGC ] Starting WCEFILES0 Pass.
BUILD: [00:0000000985:PROGC ] Analyzing project dependency information for pass WCEFILES0.
BUILD: [00:0000000985:PROGC ] Starting MIDL Pass.
BUILD: [00:0000000985:PROGC ] Analyzing project dependency information for pass MIDL.
BUILD: [00:0000000985:PROGC ] Starting MC Pass.
BUILD: [00:0000000985:PROGC ] Analyzing project dependency information for pass MC.
BUILD: [00:0000000985:PROGC ] Starting ASN Pass.
BUILD: [00:0000000985:PROGC ] Analyzing project dependency information for pass ASN.
BUILD: [00:0000001000:PROGC ] Starting THUNK Pass.
BUILD: [00:0000001000:PROGC ] Analyzing project dependency information for pass THUNK.
BUILD: [00:0000001000:PROGC ] Starting RUN_WPP Pass.
BUILD: [00:0000001000:PROGC ] Analyzing project dependency information for pass RUN_WPP.
BUILD: [00:0000001000:PROGC ] Starting XRPACK Pass.
BUILD: [00:0000001000:PROGC ] Analyzing project dependency information for pass XRPACK.
BUILD: [00:0000001000:PROGC ] Starting PRECOMPHEADER Pass.
BUILD: [00:0000001000:PROGC ] Analyzing project dependency information for pass PRECOMPHEADER.
BUILD: [00:0000001000:PROGC ] Starting COMPILE Pass.
BUILD: [00:0000001000:PROGC ] Analyzing project dependency information for pass COMPILE.
BUILD: [00:0000001047:PROGC ] Building COMPILE Pass in C:\wince800\osdesigns\qemu\qemu\pumpkinos\src\libresample\ directory.
BUILD: [01:0000001704:PROGC ] Compiling .\resample.c .\resamplesubs.c .\filterkit.c
BUILD: [00:0000002438:PROGC ] Starting RENUMBERICONIDS Pass.
BUILD: [00:0000002438:PROGC ] Analyzing project dependency information for pass RENUMBERICONIDS.
BUILD: [00:0000002438:PROGC ] Starting RES2RES Pass.
BUILD: [00:0000002438:PROGC ] Analyzing project dependency information for pass RES2RES.
BUILD: [00:0000002438:PROGC ] Starting LIB Pass.
BUILD: [00:0000002438:PROGC ] Analyzing project dependency information for pass LIB.
BUILD: [00:0000002454:PROGC ] Building LIB Pass in C:\wince800\osdesigns\qemu\qemu\pumpkinos\src\libresample\ directory.
BUILD: [01:0000002610:PROGC ] Linking C:\wince800\osdesigns\qemu\qemu\pumpkinos\src\libresample\obj\ARMV7\retail\libresample.lib
BUILD: [00:0000002704:PROGC ] Starting EXPLIB Pass.
BUILD: [00:0000002704:PROGC ] Analyzing project dependency information for pass EXPLIB.
BUILD: [00:0000002704:PROGC ] Starting LINK Pass.
BUILD: [00:0000002704:PROGC ] Analyzing project dependency information for pass LINK.
BUILD: [00:0000002704:PROGC ] Starting LOCALIZE Pass.
BUILD: [00:0000002704:PROGC ] Analyzing project dependency information for pass LOCALIZE.
BUILD: [00:0000002704:PROGC ] Starting MANAGEDRESX Pass.
BUILD: [00:0000002704:PROGC ] Analyzing project dependency information for pass MANAGEDRESX.
BUILD: [00:0000002704:PROGC ] Starting MANAGEDMOD Pass.
BUILD: [00:0000002704:PROGC ] Analyzing project dependency information for pass MANAGEDMOD.
BUILD: [00:0000002704:PROGC ] Starting MANAGEDDLL Pass.
BUILD: [00:0000002704:PROGC ] Analyzing project dependency information for pass MANAGEDDLL.
BUILD: [00:0000002704:PROGC ] Starting MANAGEDEXE Pass.
BUILD: [00:0000002704:PROGC ] Analyzing project dependency information for pass MANAGEDEXE.
BUILD: [00:0000002704:PROGC ] Starting MANAGEDWIN Pass.
BUILD: [00:0000002719:PROGC ] Analyzing project dependency information for pass MANAGEDWIN.
BUILD: [00:0000002719:PROGC ] Starting POSTBUILD Pass.
BUILD: [00:0000002719:PROGC ] Analyzing project dependency information for pass POSTBUILD.
BUILD: [00:0000002719:PROGC ] Saving C:\wince800\osdesigns\qemu\qemu\pumpkinos\BuildARMV7retail.dat.
BUILD: [00:0000002719:PROGC ] Done.
BUILD: [00:0000002719:PROGC ]                        Files  Warnings  Errors
BUILD: [00:0000002719:PROGC ] Midl                       0         0       0
BUILD: [00:0000002719:PROGC ] Message                    0         0       0
BUILD: [00:0000002719:PROGC ] Precomp Header             0         0       0
BUILD: [00:0000002719:PROGC ] Resource                   0         0       0
BUILD: [00:0000002719:PROGC ] XRPack                     0         0       0
BUILD: [00:0000002719:PROGC ] MASM                       0         0       0
BUILD: [00:0000002719:PROGC ] SHASM                      0         0       0
BUILD: [00:0000002719:PROGC ] ARMASM                     0         0       0
BUILD: [00:0000002719:PROGC ] C++                        0         0       0
BUILD: [00:0000002719:PROGC ] C                          1         0       0
BUILD: [00:0000002719:PROGC ] CheckLibs                  0         0       0
BUILD: [00:0000002719:PROGC ] Static Libraries           1         0       0
BUILD: [00:0000002719:PROGC ] Exe's                      0         0       0
BUILD: [00:0000002719:PROGC ] Dll's                      0         0       0
BUILD: [00:0000002719:PROGC ] Preprocess deffile         0         0       0
BUILD: [00:0000002719:PROGC ] Resx                       0         0       0
BUILD: [00:0000002719:PROGC ] CSharp Compile             0         0       0
BUILD: [00:0000002719:PROGC ] VCProj Compile             0         0       0
BUILD: [00:0000002719:PROGC ] NETCF Build                0         0       0
BUILD: [00:0000002719:PROGC ] Localization               0         0       0
BUILD: [00:0000002719:PROGC ] Other                      0         4       0
BUILD: [00:0000002719:PROGC ] 
BUILD: [00:0000002719:PROGC ] Total                      2         4       0
BUILD: [00:0000002719:PROGC ] 
BUILD: [00:0000002719:PROGC ] 4 Warnings,  0 Errors
BUILD: [00:0000002719:PROGC ] GetSystemTimes (seconds): Idle: 1     Kernel: 3     User: 2    
BUILD: [00:0000002719:PROGC ] Elapsed  time  (seconds): 2    
