BUILD: [00:0000000000:PROGC ] Build started with parameters:
BUILD: [00:0000000000:PROGC ] Build started in directory: C:\WINCE800\OSDesigns\QEMU\QEMU\PumpkinOS\src
BUILD: [00:0000000000:PROGC ] Running passes WCEFILES0, MIDL, MC, ASN, THUNK, RUN_WPP, XRPACK, PRECOMPHEADER, COMPILE, RENUMBERICONIDS, RES2RES, LIB, EXPLIB, LINK, LOCALIZE, MANAGEDRESX, MANAGEDMOD, MANAGEDDLL, MANAGEDEXE, MANAGEDWIN, POSTBUILD for ARM.
BUILD: [00:0000000000:PROGC ] Loading database "C:\wince800\osdesigns\qemu\qemu\pumpkinos\BuildARMV7retail.dat".
BUILD: [00:0000000031:PROGC ] Done.
BUILD: [00:0000000031:PROGC ] Computing include file dependencies:
BUILD: [01:0000000063:PROGC ] Scan C:\wince800\osdesigns\qemu\qemu\pumpkinos\src\winpthread\
BUILD: [02:0000000203:PROGC ] Scan C:\wince800\osdesigns\qemu\qemu\pumpkinos\src\libpit\
BUILD: [00:0000000641:PROGC ] Warning(s) in directory "C:\wince800\osdesigns\qemu\qemu\pumpkinos\src\winpthread\".
BUILD: [00:0000000719:PROGC ] Warning(s) in directory "C:\wince800\osdesigns\qemu\qemu\pumpkinos\src\libpit\".
BUILD: [00:0000000719:PROGC ] Directory scanning complete.
BUILD: [00:0000000719:PROGC ] Saving C:\wince800\osdesigns\qemu\qemu\pumpkinos\BuildARMV7retail.dat.
BUILD: [00:0000000735:PROGC ] Saving Master Database complete.
BUILD: [00:0000000735:PROGC ] Starting WCEFILES0 Pass.
BUILD: [00:0000000735:PROGC ] Analyzing project dependency information for pass WCEFILES0.
BUILD: [00:0000000735:PROGC ] Starting MIDL Pass.
BUILD: [00:0000000735:PROGC ] Analyzing project dependency information for pass MIDL.
BUILD: [00:0000000735:PROGC ] Starting MC Pass.
BUILD: [00:0000000735:PROGC ] Analyzing project dependency information for pass MC.
BUILD: [00:0000000735:PROGC ] Starting ASN Pass.
BUILD: [00:0000000735:PROGC ] Analyzing project dependency information for pass ASN.
BUILD: [00:0000000735:PROGC ] Starting THUNK Pass.
BUILD: [00:0000000735:PROGC ] Analyzing project dependency information for pass THUNK.
BUILD: [00:0000000735:PROGC ] Starting RUN_WPP Pass.
BUILD: [00:0000000735:PROGC ] Analyzing project dependency information for pass RUN_WPP.
BUILD: [00:0000000735:PROGC ] Starting XRPACK Pass.
BUILD: [00:0000000735:PROGC ] Analyzing project dependency information for pass XRPACK.
BUILD: [00:0000000735:PROGC ] Starting PRECOMPHEADER Pass.
BUILD: [00:0000000735:PROGC ] Analyzing project dependency information for pass PRECOMPHEADER.
BUILD: [00:0000000735:PROGC ] Starting COMPILE Pass.
BUILD: [00:0000000735:PROGC ] Analyzing project dependency information for pass COMPILE.
BUILD: [00:0000000813:PROGC ] Building COMPILE Pass in C:\wince800\osdesigns\qemu\qemu\pumpkinos\src\libpit\ directory.
BUILD: [01:0000001016:PROGC ] Compiling .\main.c .\sys.c .\builtin.c .\sock.c .\graphic.c .\vfont.c .\media.c .\gps.c .\vfs.c .\vfslocal.c .\script.c .\httpd.c
BUILD: [01:0000001641:PROGC ] Warning(s) in directory "C:\wince800\osdesigns\qemu\qemu\pumpkinos\src\libpit\".
BUILD: [01:0000001641:WARNN ] c:\wince800\osdesigns\qemu\qemu\pumpkinos\src\libpit\sys.c(1265) : warning C4244: 'function' : conversion from 'int64_t' to 'LONG', possible loss of data {log="C:\WINCE800\OSDesigns\QEMU\QEMU\PumpkinOS\src\bldsys.log(64)"}
BUILD: [01:0000001641:WARNN ] c:\wince800\osdesigns\qemu\qemu\pumpkinos\src\libpit\sys.c(1359) : warning C4013: 'CreatePipe' undefined; assuming extern returning int {log="C:\WINCE800\OSDesigns\QEMU\QEMU\PumpkinOS\src\bldsys.log(65)"}
BUILD: [01:0000001641:WARNN ] c:\wince800\osdesigns\qemu\qemu\pumpkinos\src\libpit\sys.c(1518) : warning C4013: 'stat' undefined; assuming extern returning int {log="C:\WINCE800\OSDesigns\QEMU\QEMU\PumpkinOS\src\bldsys.log(66)"}
BUILD: [01:0000001656:WARNN ] c:\wince800\osdesigns\qemu\qemu\pumpkinos\src\libpit\sys.c(1520) : warning C4013: 'S_ISREG' undefined; assuming extern returning int {log="C:\WINCE800\OSDesigns\QEMU\QEMU\PumpkinOS\src\bldsys.log(67)"}
BUILD: [01:0000001656:WARNN ] c:\wince800\osdesigns\qemu\qemu\pumpkinos\src\libpit\sys.c(1521) : warning C4013: 'S_ISDIR' undefined; assuming extern returning int {log="C:\WINCE800\OSDesigns\QEMU\QEMU\PumpkinOS\src\bldsys.log(68)"}
BUILD: [01:0000001656:PROGC ] Error(s) in directory "C:\wince800\osdesigns\qemu\qemu\pumpkinos\src\libpit\".
BUILD: [01:0000001656:ERRORE] c:\wince800\osdesigns\qemu\qemu\pumpkinos\src\libpit\sys.c(1522) : error C2065: 'S_IRUSR' : undeclared identifier {log="C:\WINCE800\OSDesigns\QEMU\QEMU\PumpkinOS\src\bldsys.log(70)"}
BUILD: [01:0000001656:ERRORE] c:\wince800\osdesigns\qemu\qemu\pumpkinos\src\libpit\sys.c(1523) : error C2065: 'S_IWUSR' : undeclared identifier {log="C:\WINCE800\OSDesigns\QEMU\QEMU\PumpkinOS\src\bldsys.log(71)"}
BUILD: [01:0000001656:WARNN ] c:\wince800\osdesigns\qemu\qemu\pumpkinos\src\libpit\sys.c(1549) : warning C4133: 'function' : incompatible types - from 'const char *' to 'LPCWSTR' {log="C:\WINCE800\OSDesigns\QEMU\QEMU\PumpkinOS\src\bldsys.log(72)"}
BUILD: [01:0000001656:WARNN ] c:\wince800\osdesigns\qemu\qemu\pumpkinos\src\libpit\sys.c(1648) : warning C4013: 'rmdir' undefined; assuming extern returning int {log="C:\WINCE800\OSDesigns\QEMU\QEMU\PumpkinOS\src\bldsys.log(73)"}
BUILD: [01:0000001656:WARNN ] c:\wince800\osdesigns\qemu\qemu\pumpkinos\src\libpit\sys.c(1671) : warning C4133: 'function' : incompatible types - from 'char [256]' to 'LPCWSTR' {log="C:\WINCE800\OSDesigns\QEMU\QEMU\PumpkinOS\src\bldsys.log(74)"}
BUILD: [01:0000001672:WARNN ] c:\wince800\osdesigns\qemu\qemu\pumpkinos\src\libpit\sys.c(1716) : warning C4133: 'function' : incompatible types - from 'char *' to 'LPCWSTR' {log="C:\WINCE800\OSDesigns\QEMU\QEMU\PumpkinOS\src\bldsys.log(75)"}
BUILD: [01:0000001672:WARNN ] c:\wince800\osdesigns\qemu\qemu\pumpkinos\src\libpit\sys.c(2025) : warning C4098: 'sys_srand' : 'void' function returning a value {log="C:\WINCE800\OSDesigns\QEMU\QEMU\PumpkinOS\src\bldsys.log(76)"}
BUILD: [01:0000001672:ERRORE] c:\wince800\osdesigns\qemu\qemu\pumpkinos\src\libpit\sys.c(2291) : error C2143: syntax error : missing ';' before 'type' {log="C:\WINCE800\OSDesigns\QEMU\QEMU\PumpkinOS\src\bldsys.log(77)"}
BUILD: [01:0000001672:ERRORE] c:\wince800\osdesigns\qemu\qemu\pumpkinos\src\libpit\sys.c(2292) : error C2275: 'WCHAR' : illegal use of this type as an expression {log="C:\WINCE800\OSDesigns\QEMU\QEMU\PumpkinOS\src\bldsys.log(78)"}
BUILD: [01:0000001672:ERRORE] c:\wince800\osdesigns\qemu\qemu\pumpkinos\src\libpit\sys.c(2292) : error C2146: syntax error : missing ';' before identifier 'wbuf' {log="C:\WINCE800\OSDesigns\QEMU\QEMU\PumpkinOS\src\bldsys.log(79)"}
BUILD: [01:0000001672:ERRORE] c:\wince800\osdesigns\qemu\qemu\pumpkinos\src\libpit\sys.c(2292) : error C2065: 'wbuf' : undeclared identifier {log="C:\WINCE800\OSDesigns\QEMU\QEMU\PumpkinOS\src\bldsys.log(80)"}
BUILD: [01:0000001672:ERRORE] c:\wince800\osdesigns\qemu\qemu\pumpkinos\src\libpit\sys.c(2292) : error C2109: subscript requires array or pointer type {log="C:\WINCE800\OSDesigns\QEMU\QEMU\PumpkinOS\src\bldsys.log(81)"}
BUILD: [01:0000001672:ERRORE] c:\wince800\osdesigns\qemu\qemu\pumpkinos\src\libpit\sys.c(2293) : error C2143: syntax error : missing ';' before 'type' {log="C:\WINCE800\OSDesigns\QEMU\QEMU\PumpkinOS\src\bldsys.log(82)"}
BUILD: [01:0000001672:ERRORE] c:\wince800\osdesigns\qemu\qemu\pumpkinos\src\libpit\sys.c(2295) : error C2065: 'buf' : undeclared identifier {log="C:\WINCE800\OSDesigns\QEMU\QEMU\PumpkinOS\src\bldsys.log(83)"}
BUILD: [01:0000001672:WARNN ] c:\wince800\osdesigns\qemu\qemu\pumpkinos\src\libpit\sys.c(2295) : warning C4047: 'function' : 'char *' differs in levels of indirection from 'int' {log="C:\WINCE800\OSDesigns\QEMU\QEMU\PumpkinOS\src\bldsys.log(84)"}
BUILD: [01:0000001672:WARNN ] c:\wince800\osdesigns\qemu\qemu\pumpkinos\src\libpit\sys.c(2295) : warning C4024: 'normalize_path' : different types for formal and actual parameter 2 {log="C:\WINCE800\OSDesigns\QEMU\QEMU\PumpkinOS\src\bldsys.log(85)"}
BUILD: [01:0000001688:ERRORE] c:\wince800\osdesigns\qemu\qemu\pumpkinos\src\libpit\sys.c(2296) : error C2065: 'len' : undeclared identifier {log="C:\WINCE800\OSDesigns\QEMU\QEMU\PumpkinOS\src\bldsys.log(86)"}
BUILD: [01:0000001688:ERRORE] c:\wince800\osdesigns\qemu\qemu\pumpkinos\src\libpit\sys.c(2296) : error C2065: 'buf' : undeclared identifier {log="C:\WINCE800\OSDesigns\QEMU\QEMU\PumpkinOS\src\bldsys.log(87)"}
BUILD: [01:0000001688:WARNN ] c:\wince800\osdesigns\qemu\qemu\pumpkinos\src\libpit\sys.c(2296) : warning C4047: 'function' : 'const char *' differs in levels of indirection from 'int' {log="C:\WINCE800\OSDesigns\QEMU\QEMU\PumpkinOS\src\bldsys.log(88)"}
BUILD: [01:0000001688:WARNN ] c:\wince800\osdesigns\qemu\qemu\pumpkinos\src\libpit\sys.c(2296) : warning C4024: 'sys_strlen' : different types for formal and actual parameter 1 {log="C:\WINCE800\OSDesigns\QEMU\QEMU\PumpkinOS\src\bldsys.log(89)"}
BUILD: [01:0000001688:ERRORE] c:\wince800\osdesigns\qemu\qemu\pumpkinos\src\libpit\sys.c(2297) : error C2065: 'buf' : undeclared identifier {log="C:\WINCE800\OSDesigns\QEMU\QEMU\PumpkinOS\src\bldsys.log(90)"}
BUILD: [01:0000001688:WARNN ] c:\wince800\osdesigns\qemu\qemu\pumpkinos\src\libpit\sys.c(2297) : warning C4047: 'function' : 'const char *' differs in levels of indirection from 'int' {log="C:\WINCE800\OSDesigns\QEMU\QEMU\PumpkinOS\src\bldsys.log(91)"}
BUILD: [01:0000001688:WARNN ] c:\wince800\osdesigns\qemu\qemu\pumpkinos\src\libpit\sys.c(2297) : warning C4024: 'sys_strstr' : different types for formal and actual parameter 1 {log="C:\WINCE800\OSDesigns\QEMU\QEMU\PumpkinOS\src\bldsys.log(92)"}
BUILD: [01:0000001688:WARNN ] c:\wince800\osdesigns\qemu\qemu\pumpkinos\src\libpit\sys.c(2297) : warning C4024: 'sys_strchr' : different types for formal and actual parameter 1 {log="C:\WINCE800\OSDesigns\QEMU\QEMU\PumpkinOS\src\bldsys.log(93)"}
BUILD: [01:0000001688:ERRORE] c:\wince800\osdesigns\qemu\qemu\pumpkinos\src\libpit\sys.c(2297) : error C2065: 'len' : undeclared identifier {log="C:\WINCE800\OSDesigns\QEMU\QEMU\PumpkinOS\src\bldsys.log(94)"}
BUILD: [01:0000001688:ERRORE] c:\wince800\osdesigns\qemu\qemu\pumpkinos\src\libpit\sys.c(2298) : error C2065: 'buf' : undeclared identifier {log="C:\WINCE800\OSDesigns\QEMU\QEMU\PumpkinOS\src\bldsys.log(95)"}
BUILD: [01:0000001688:WARNN ] c:\wince800\osdesigns\qemu\qemu\pumpkinos\src\libpit\sys.c(2298) : warning C4047: 'function' : 'char *' differs in levels of indirection from 'int' {log="C:\WINCE800\OSDesigns\QEMU\QEMU\PumpkinOS\src\bldsys.log(96)"}
BUILD: [01:0000001688:WARNN ] c:\wince800\osdesigns\qemu\qemu\pumpkinos\src\libpit\sys.c(2298) : warning C4024: 'sys_strcat' : different types for formal and actual parameter 1 {log="C:\WINCE800\OSDesigns\QEMU\QEMU\PumpkinOS\src\bldsys.log(97)"}
BUILD: [01:0000001688:ERRORE] c:\wince800\osdesigns\qemu\qemu\pumpkinos\src\libpit\sys.c(2301) : error C2065: 'buf' : undeclared identifier {log="C:\WINCE800\OSDesigns\QEMU\QEMU\PumpkinOS\src\bldsys.log(98)"}
BUILD: [01:0000001688:WARNN ] c:\wince800\osdesigns\qemu\qemu\pumpkinos\src\libpit\sys.c(2301) : warning C4047: 'function' : 'wchar_t *' differs in levels of indirection from 'int' {log="C:\WINCE800\OSDesigns\QEMU\QEMU\PumpkinOS\src\bldsys.log(99)"}
BUILD: [01:0000001688:WARNN ] c:\wince800\osdesigns\qemu\qemu\pumpkinos\src\libpit\sys.c(2301) : warning C4024: 'mbstowcs' : different types for formal and actual parameter 1 {log="C:\WINCE800\OSDesigns\QEMU\QEMU\PumpkinOS\src\bldsys.log(100)"}
BUILD: [01:0000001688:ERRORE] c:\wince800\osdesigns\qemu\qemu\pumpkinos\src\libpit\sys.c(2301) : error C2065: 'wbuf' : undeclared identifier {log="C:\WINCE800\OSDesigns\QEMU\QEMU\PumpkinOS\src\bldsys.log(101)"}
BUILD: [01:0000001688:WARNN ] c:\wince800\osdesigns\qemu\qemu\pumpkinos\src\libpit\sys.c(2301) : warning C4047: 'function' : 'const char *' differs in levels of indirection from 'int' {log="C:\WINCE800\OSDesigns\QEMU\QEMU\PumpkinOS\src\bldsys.log(102)"}
BUILD: [01:0000001688:WARNN ] c:\wince800\osdesigns\qemu\qemu\pumpkinos\src\libpit\sys.c(2301) : warning C4024: 'mbstowcs' : different types for formal and actual parameter 2 {log="C:\WINCE800\OSDesigns\QEMU\QEMU\PumpkinOS\src\bldsys.log(103)"}
BUILD: [01:0000001688:WARNN ] c:\wince800\osdesigns\qemu\qemu\pumpkinos\src\libpit\sys.c(2301) : warning C4024: 'strlen' : different types for formal and actual parameter 1 {log="C:\WINCE800\OSDesigns\QEMU\QEMU\PumpkinOS\src\bldsys.log(104)"}
BUILD: [01:0000001688:ERRORE] c:\wince800\osdesigns\qemu\qemu\pumpkinos\src\libpit\sys.c(2304) : error C2065: 'wbuf' : undeclared identifier {log="C:\WINCE800\OSDesigns\QEMU\QEMU\PumpkinOS\src\bldsys.log(105)"}
BUILD: [01:0000001688:WARNN ] c:\wince800\osdesigns\qemu\qemu\pumpkinos\src\libpit\sys.c(2304) : warning C4047: 'function' : 'LPCWSTR' differs in levels of indirection from 'int' {log="C:\WINCE800\OSDesigns\QEMU\QEMU\PumpkinOS\src\bldsys.log(106)"}
BUILD: [01:0000001688:WARNN ] c:\wince800\osdesigns\qemu\qemu\pumpkinos\src\libpit\sys.c(2304) : warning C4024: 'GetModuleHandleW' : different types for formal and actual parameter 1 {log="C:\WINCE800\OSDesigns\QEMU\QEMU\PumpkinOS\src\bldsys.log(107)"}
BUILD: [01:0000001688:ERRORE] c:\wince800\osdesigns\qemu\qemu\pumpkinos\src\libpit\sys.c(2308) : error C2065: 'wbuf' : undeclared identifier {log="C:\WINCE800\OSDesigns\QEMU\QEMU\PumpkinOS\src\bldsys.log(108)"}
BUILD: [01:0000001703:WARNN ] c:\wince800\osdesigns\qemu\qemu\pumpkinos\src\libpit\sys.c(2308) : warning C4047: 'function' : 'LPCWSTR' differs in levels of indirection from 'int' {log="C:\WINCE800\OSDesigns\QEMU\QEMU\PumpkinOS\src\bldsys.log(109)"}
BUILD: [01:0000001703:WARNN ] c:\wince800\osdesigns\qemu\qemu\pumpkinos\src\libpit\sys.c(2308) : warning C4024: 'LoadLibraryW' : different types for formal and actual parameter 1 {log="C:\WINCE800\OSDesigns\QEMU\QEMU\PumpkinOS\src\bldsys.log(110)"}
BUILD: [01:0000001703:ERRORE] c:\wince800\osdesigns\qemu\qemu\pumpkinos\src\libpit\sys.c(2311) : error C2065: 'buf' : undeclared identifier {log="C:\WINCE800\OSDesigns\QEMU\QEMU\PumpkinOS\src\bldsys.log(111)"}
BUILD: [01:0000001703:ERRORE] c:\wince800\osdesigns\qemu\qemu\pumpkinos\src\libpit\sys.c(2314) : error C2065: 'buf' : undeclared identifier {log="C:\WINCE800\OSDesigns\QEMU\QEMU\PumpkinOS\src\bldsys.log(112)"}
BUILD: [01:0000001703:ERRORE] c:\wince800\osdesigns\qemu\qemu\pumpkinos\src\libpit\sys.c(2318) : error C2065: 'buf' : undeclared identifier {log="C:\WINCE800\OSDesigns\QEMU\QEMU\PumpkinOS\src\bldsys.log(113)"}
BUILD: [01:0000001703:WARNN ] c:\wince800\osdesigns\qemu\qemu\pumpkinos\src\libpit\sys.c(2428) : warning C4018: '<' : signed/unsigned mismatch {log="C:\WINCE800\OSDesigns\QEMU\QEMU\PumpkinOS\src\bldsys.log(114)"}
BUILD: [01:0000001703:WARNN ] c:\wince800\osdesigns\qemu\qemu\pumpkinos\src\libpit\sys.c(2528) : warning C4244: '=' : conversion from 'uint16_t' to 'unsigned char', possible loss of data {log="C:\WINCE800\OSDesigns\QEMU\QEMU\PumpkinOS\src\bldsys.log(115)"}
BUILD: [01:0000001703:WARNN ] c:\wince800\osdesigns\qemu\qemu\pumpkinos\src\libpit\sys.c(2562) : warning C4244: '=' : conversion from 'unsigned long' to 'unsigned char', possible loss of data {log="C:\WINCE800\OSDesigns\QEMU\QEMU\PumpkinOS\src\bldsys.log(116)"}
BUILD: [01:0000001703:ERRORE] c:\wince800\osdesigns\qemu\qemu\pumpkinos\src\libpit\sys.c(2845) : error C2275: 'fd_t' : illegal use of this type as an expression {log="C:\WINCE800\OSDesigns\QEMU\QEMU\PumpkinOS\src\bldsys.log(117)"}
BUILD: [01:0000001703:ERRORE] c:\wince800\osdesigns\qemu\qemu\pumpkinos\src\libpit\sys.c(2845) : error C2065: 'f' : undeclared identifier {log="C:\WINCE800\OSDesigns\QEMU\QEMU\PumpkinOS\src\bldsys.log(118)"}
BUILD: [01:0000001703:ERRORE] c:\wince800\osdesigns\qemu\qemu\pumpkinos\src\libpit\sys.c(2847) : error C2065: 'f' : undeclared identifier {log="C:\WINCE800\OSDesigns\QEMU\QEMU\PumpkinOS\src\bldsys.log(119)"}
BUILD: [01:0000002297:WARNN ] c:\wince800\osdesigns\qemu\qemu\pumpkinos\src\libpit\sys.c(2847) : warning C4047: '=' : 'int' differs in levels of indirection from 'void *' {log="C:\WINCE800\OSDesigns\QEMU\QEMU\PumpkinOS\src\bldsys.log(120)"}
BUILD: [01:0000002297:WARNN ] c:\wince800\osdesigns\qemu\qemu\pumpkinos\src\libpit\sys.c(2847) : warning C4047: '==' : 'int' differs in levels of indirection from 'void *' {log="C:\WINCE800\OSDesigns\QEMU\QEMU\PumpkinOS\src\bldsys.log(121)"}
BUILD: [01:0000002313:ERRORE] c:\wince800\osdesigns\qemu\qemu\pumpkinos\src\libpit\sys.c(2851) : error C2065: 'f' : undeclared identifier {log="C:\WINCE800\OSDesigns\QEMU\QEMU\PumpkinOS\src\bldsys.log(122)"}
BUILD: [01:0000002313:ERRORE] c:\wince800\osdesigns\qemu\qemu\pumpkinos\src\libpit\sys.c(2851) : error C2223: left of '->type' must point to struct/union {log="C:\WINCE800\OSDesigns\QEMU\QEMU\PumpkinOS\src\bldsys.log(123)"}
BUILD: [01:0000002313:ERRORE] c:\wince800\osdesigns\qemu\qemu\pumpkinos\src\libpit\sys.c(2856) : error C2065: 'f' : undeclared identifier {log="C:\WINCE800\OSDesigns\QEMU\QEMU\PumpkinOS\src\bldsys.log(124)"}
BUILD: [01:0000002313:ERRORE] c:\wince800\osdesigns\qemu\qemu\pumpkinos\src\libpit\sys.c(2856) : error C2223: left of '->socket' must point to struct/union {log="C:\WINCE800\OSDesigns\QEMU\QEMU\PumpkinOS\src\bldsys.log(125)"}
BUILD: [01:0000002313:WARNN ] c:\wince800\osdesigns\qemu\qemu\pumpkinos\src\libpit\sys.c(2856) : warning C4047: 'function' : 'SOCKET' differs in levels of indirection from 'sockaddr *' {log="C:\WINCE800\OSDesigns\QEMU\QEMU\PumpkinOS\src\bldsys.log(126)"}
BUILD: [01:0000002313:WARNN ] c:\wince800\osdesigns\qemu\qemu\pumpkinos\src\libpit\sys.c(2856) : warning C4024: 'connect' : different types for formal and actual parameter 1 {log="C:\WINCE800\OSDesigns\QEMU\QEMU\PumpkinOS\src\bldsys.log(127)"}
BUILD: [01:0000002313:WARNN ] c:\wince800\osdesigns\qemu\qemu\pumpkinos\src\libpit\sys.c(2856) : warning C4047: 'function' : 'const sockaddr *' differs in levels of indirection from 'int' {log="C:\WINCE800\OSDesigns\QEMU\QEMU\PumpkinOS\src\bldsys.log(128)"}
BUILD: [01:0000002313:WARNN ] c:\wince800\osdesigns\qemu\qemu\pumpkinos\src\libpit\sys.c(2856) : warning C4024: 'connect' : different types for formal and actual parameter 2 {log="C:\WINCE800\OSDesigns\QEMU\QEMU\PumpkinOS\src\bldsys.log(129)"}
BUILD: [01:0000002313:ERRORE] c:\wince800\osdesigns\qemu\qemu\pumpkinos\src\libpit\sys.c(2856) : error C2198: 'connect' : too few arguments for call {log="C:\WINCE800\OSDesigns\QEMU\QEMU\PumpkinOS\src\bldsys.log(130)"}
BUILD: [01:0000002313:ERRORE] c:\wince800\osdesigns\qemu\qemu\pumpkinos\src\libpit\sys.c(3313) : error C2275: 'fd_t' : illegal use of this type as an expression {log="C:\WINCE800\OSDesigns\QEMU\QEMU\PumpkinOS\src\bldsys.log(131)"}
BUILD: [01:0000002313:ERRORE] c:\wince800\osdesigns\qemu\qemu\pumpkinos\src\libpit\sys.c(3313) : error C2065: 'f' : undeclared identifier {log="C:\WINCE800\OSDesigns\QEMU\QEMU\PumpkinOS\src\bldsys.log(132)"}
BUILD: [01:0000002313:ERRORE] c:\wince800\osdesigns\qemu\qemu\pumpkinos\src\libpit\sys.c(3315) : error C2065: 'f' : undeclared identifier {log="C:\WINCE800\OSDesigns\QEMU\QEMU\PumpkinOS\src\bldsys.log(133)"}
BUILD: [01:0000002313:WARNN ] c:\wince800\osdesigns\qemu\qemu\pumpkinos\src\libpit\sys.c(3315) : warning C4047: '=' : 'int' differs in levels of indirection from 'void *' {log="C:\WINCE800\OSDesigns\QEMU\QEMU\PumpkinOS\src\bldsys.log(134)"}
BUILD: [01:0000002313:WARNN ] c:\wince800\osdesigns\qemu\qemu\pumpkinos\src\libpit\sys.c(3315) : warning C4047: '==' : 'int' differs in levels of indirection from 'void *' {log="C:\WINCE800\OSDesigns\QEMU\QEMU\PumpkinOS\src\bldsys.log(135)"}
BUILD: [01:0000002313:ERRORE] c:\wince800\osdesigns\qemu\qemu\pumpkinos\src\libpit\sys.c(3319) : error C2065: 'f' : undeclared identifier {log="C:\WINCE800\OSDesigns\QEMU\QEMU\PumpkinOS\src\bldsys.log(136)"}
BUILD: [01:0000002313:ERRORE] c:\wince800\osdesigns\qemu\qemu\pumpkinos\src\libpit\sys.c(3319) : error C2223: left of '->type' must point to struct/union {log="C:\WINCE800\OSDesigns\QEMU\QEMU\PumpkinOS\src\bldsys.log(137)"}
BUILD: [01:0000002313:ERRORE] c:\wince800\osdesigns\qemu\qemu\pumpkinos\src\libpit\sys.c(3320) : error C2065: 'f' : undeclared identifier {log="C:\WINCE800\OSDesigns\QEMU\QEMU\PumpkinOS\src\bldsys.log(138)"}
BUILD: [01:0000002313:ERRORE] c:\wince800\osdesigns\qemu\qemu\pumpkinos\src\libpit\sys.c(3320) : error C2223: left of '->socket' must point to struct/union {log="C:\WINCE800\OSDesigns\QEMU\QEMU\PumpkinOS\src\bldsys.log(139)"}
BUILD: [01:0000002313:WARNN ] c:\wince800\osdesigns\qemu\qemu\pumpkinos\src\libpit\sys.c(3320) : warning C4047: 'function' : 'int' differs in levels of indirection from 'const void *' {log="C:\WINCE800\OSDesigns\QEMU\QEMU\PumpkinOS\src\bldsys.log(140)"}
BUILD: [01:0000002328:WARNN ] c:\wince800\osdesigns\qemu\qemu\pumpkinos\src\libpit\sys.c(3320) : warning C4024: 'setsockopt' : different types for formal and actual parameter 3 {log="C:\WINCE800\OSDesigns\QEMU\QEMU\PumpkinOS\src\bldsys.log(141)"}
BUILD: [01:0000002328:WARNN ] c:\wince800\osdesigns\qemu\qemu\pumpkinos\src\libpit\sys.c(3320) : warning C4047: 'function' : 'const char *' differs in levels of indirection from 'int' {log="C:\WINCE800\OSDesigns\QEMU\QEMU\PumpkinOS\src\bldsys.log(142)"}
BUILD: [01:0000002328:WARNN ] c:\wince800\osdesigns\qemu\qemu\pumpkinos\src\libpit\sys.c(3320) : warning C4024: 'setsockopt' : different types for formal and actual parameter 4 {log="C:\WINCE800\OSDesigns\QEMU\QEMU\PumpkinOS\src\bldsys.log(143)"}
BUILD: [01:0000002328:ERRORE] c:\wince800\osdesigns\qemu\qemu\pumpkinos\src\libpit\sys.c(3320) : error C2198: 'setsockopt' : too few arguments for call {log="C:\WINCE800\OSDesigns\QEMU\QEMU\PumpkinOS\src\bldsys.log(144)"}
BUILD: [01:0000002328:WARNN ] c:\wince800\osdesigns\qemu\qemu\pumpkinos\src\libpit\sys.c(3409) : warning C4013: 'tmpnam' undefined; assuming extern returning int {log="C:\WINCE800\OSDesigns\QEMU\QEMU\PumpkinOS\src\bldsys.log(145)"}
BUILD: [01:0000002328:WARNN ] c:\wince800\osdesigns\qemu\qemu\pumpkinos\src\libpit\sys.c(3420) : warning C4013: 'mkstemp' undefined; assuming extern returning int {log="C:\WINCE800\OSDesigns\QEMU\QEMU\PumpkinOS\src\bldsys.log(146)"}
BUILD: [01:0000002328:WARNN ] c:\wince800\osdesigns\qemu\qemu\pumpkinos\src\libpit\sys.c(3457) : warning C4098: 'sys_qsort' : 'void' function returning a value {log="C:\WINCE800\OSDesigns\QEMU\QEMU\PumpkinOS\src\bldsys.log(147)"}
BUILD: [01:0000002328:WARNN ] c:\wince800\osdesigns\qemu\qemu\pumpkinos\src\libpit\sys.c(3482) : warning C4013: 'vsscanf' undefined; assuming extern returning int {log="C:\WINCE800\OSDesigns\QEMU\QEMU\PumpkinOS\src\bldsys.log(148)"}
BUILD: [01:0000002438:ERRORE] c:\wince800\osdesigns\qemu\qemu\pumpkinos\src\libpit\builtin.c(106) : error C2143: syntax error : missing ';' before 'type' {log="C:\WINCE800\OSDesigns\QEMU\QEMU\PumpkinOS\src\bldsys.log(149)"}
BUILD: [01:0000002453:ERRORE] c:\wince800\osdesigns\qemu\qemu\pumpkinos\src\libpit\builtin.c(106) : error C2065: 'argstext' : undeclared identifier {log="C:\WINCE800\OSDesigns\QEMU\QEMU\PumpkinOS\src\bldsys.log(150)"}
BUILD: [01:0000002453:WARNN ] c:\wince800\osdesigns\qemu\qemu\pumpkinos\src\libpit\builtin.c(106) : warning C4133: 'function' : incompatible types - from 'int *' to 'script_arg_t *' {log="C:\WINCE800\OSDesigns\QEMU\QEMU\PumpkinOS\src\bldsys.log(151)"}
BUILD: [01:0000002453:ERRORE] c:\wince800\osdesigns\qemu\qemu\pumpkinos\src\libpit\builtin.c(106) : error C2065: 'stext' : undeclared identifier {log="C:\WINCE800\OSDesigns\QEMU\QEMU\PumpkinOS\src\bldsys.log(152)"}
BUILD: [01:0000002453:ERRORE] c:\wince800\osdesigns\qemu\qemu\pumpkinos\src\libpit\builtin.c(106) : error C2224: left of '.value' must have struct/union type {log="C:\WINCE800\OSDesigns\QEMU\QEMU\PumpkinOS\src\bldsys.log(153)"}
BUILD: [01:0000002453:ERRORE] c:\wince800\osdesigns\qemu\qemu\pumpkinos\src\libpit\builtin.c(106) : fatal error C1903: unable to recover from previous error(s); stopping compilation {log="C:\WINCE800\OSDesigns\QEMU\QEMU\PumpkinOS\src\bldsys.log(154)"}
BUILD: [01:0000002547:ERRORE] c:\wince800\osdesigns\qemu\qemu\pumpkinos\src\libpit\graphic.c(297) : error C2143: syntax error : missing ';' before 'type' {log="C:\WINCE800\OSDesigns\QEMU\QEMU\PumpkinOS\src\bldsys.log(155)"}
BUILD: [01:0000002547:ERRORE] c:\wince800\osdesigns\qemu\qemu\pumpkinos\src\libpit\graphic.c(298) : error C2143: syntax error : missing ';' before 'type' {log="C:\WINCE800\OSDesigns\QEMU\QEMU\PumpkinOS\src\bldsys.log(156)"}
BUILD: [01:0000002547:ERRORE] c:\wince800\osdesigns\qemu\qemu\pumpkinos\src\libpit\graphic.c(299) : error C2143: syntax error : missing ';' before 'type' {log="C:\WINCE800\OSDesigns\QEMU\QEMU\PumpkinOS\src\bldsys.log(157)"}
BUILD: [01:0000002547:ERRORE] c:\wince800\osdesigns\qemu\qemu\pumpkinos\src\libpit\graphic.c(302) : error C2143: syntax error : missing ';' before 'type' {log="C:\WINCE800\OSDesigns\QEMU\QEMU\PumpkinOS\src\bldsys.log(158)"}
BUILD: [01:0000002563:ERRORE] c:\wince800\osdesigns\qemu\qemu\pumpkinos\src\libpit\graphic.c(303) : error C2143: syntax error : missing ';' before 'type' {log="C:\WINCE800\OSDesigns\QEMU\QEMU\PumpkinOS\src\bldsys.log(159)"}
BUILD: [01:0000002563:ERRORE] c:\wince800\osdesigns\qemu\qemu\pumpkinos\src\libpit\graphic.c(306) : error C2143: syntax error : missing ';' before 'type' {log="C:\WINCE800\OSDesigns\QEMU\QEMU\PumpkinOS\src\bldsys.log(160)"}
BUILD: [01:0000002563:ERRORE] c:\wince800\osdesigns\qemu\qemu\pumpkinos\src\libpit\graphic.c(307) : error C2143: syntax error : missing ';' before 'type' {log="C:\WINCE800\OSDesigns\QEMU\QEMU\PumpkinOS\src\bldsys.log(161)"}
BUILD: [01:0000002594:ERRORE] c:\wince800\osdesigns\qemu\qemu\pumpkinos\src\libpit\graphic.c(309) : error C2065: 'cur' : undeclared identifier {log="C:\WINCE800\OSDesigns\QEMU\QEMU\PumpkinOS\src\bldsys.log(162)"}
BUILD: [01:0000002610:ERRORE] c:\wince800\osdesigns\qemu\qemu\pumpkinos\src\libpit\graphic.c(311) : error C2065: 'x' : undeclared identifier {log="C:\WINCE800\OSDesigns\QEMU\QEMU\PumpkinOS\src\bldsys.log(163)"}
BUILD: [01:0000002610:ERRORE] c:\wince800\osdesigns\qemu\qemu\pumpkinos\src\libpit\graphic.c(311) : error C2065: 'y' : undeclared identifier {log="C:\WINCE800\OSDesigns\QEMU\QEMU\PumpkinOS\src\bldsys.log(164)"}
BUILD: [01:0000002610:ERRORE] c:\wince800\osdesigns\qemu\qemu\pumpkinos\src\libpit\graphic.c(312) : error C2065: 'cur' : undeclared identifier {log="C:\WINCE800\OSDesigns\QEMU\QEMU\PumpkinOS\src\bldsys.log(165)"}
BUILD: [01:0000002610:ERRORE] c:\wince800\osdesigns\qemu\qemu\pumpkinos\src\libpit\graphic.c(313) : error C2065: 'x' : undeclared identifier {log="C:\WINCE800\OSDesigns\QEMU\QEMU\PumpkinOS\src\bldsys.log(166)"}
BUILD: [01:0000002610:ERRORE] c:\wince800\osdesigns\qemu\qemu\pumpkinos\src\libpit\graphic.c(313) : error C2065: 'dx' : undeclared identifier {log="C:\WINCE800\OSDesigns\QEMU\QEMU\PumpkinOS\src\bldsys.log(167)"}
BUILD: [01:0000002625:ERRORE] c:\wince800\osdesigns\qemu\qemu\pumpkinos\src\libpit\graphic.c(313) : error C2065: 'ex' : undeclared identifier {log="C:\WINCE800\OSDesigns\QEMU\QEMU\PumpkinOS\src\bldsys.log(168)"}
BUILD: [01:0000002625:ERRORE] c:\wince800\osdesigns\qemu\qemu\pumpkinos\src\libpit\graphic.c(313) : error C2065: 'xy' : undeclared identifier {log="C:\WINCE800\OSDesigns\QEMU\QEMU\PumpkinOS\src\bldsys.log(169)"}
BUILD: [01:0000002625:ERRORE] c:\wince800\osdesigns\qemu\qemu\pumpkinos\src\libpit\graphic.c(314) : error C2065: 'y' : undeclared identifier {log="C:\WINCE800\OSDesigns\QEMU\QEMU\PumpkinOS\src\bldsys.log(170)"}
BUILD: [01:0000002672:ERRORE] c:\wince800\osdesigns\qemu\qemu\pumpkinos\src\libpit\graphic.c(314) : error C2065: 'dy' : undeclared identifier {log="C:\WINCE800\OSDesigns\QEMU\QEMU\PumpkinOS\src\bldsys.log(171)"}
BUILD: [01:0000002688:ERRORE] c:\wince800\osdesigns\qemu\qemu\pumpkinos\src\libpit\graphic.c(314) : error C2065: 'ey' : undeclared identifier {log="C:\WINCE800\OSDesigns\QEMU\QEMU\PumpkinOS\src\bldsys.log(172)"}
BUILD: [01:0000002688:ERRORE] c:\wince800\osdesigns\qemu\qemu\pumpkinos\src\libpit\graphic.c(318) : error C2065: 'dx' : undeclared identifier {log="C:\WINCE800\OSDesigns\QEMU\QEMU\PumpkinOS\src\bldsys.log(173)"}
BUILD: [01:0000002688:ERRORE] c:\wince800\osdesigns\qemu\qemu\pumpkinos\src\libpit\graphic.c(318) : error C2065: 'y' : undeclared identifier {log="C:\WINCE800\OSDesigns\QEMU\QEMU\PumpkinOS\src\bldsys.log(174)"}
BUILD: [01:0000002688:ERRORE] c:\wince800\osdesigns\qemu\qemu\pumpkinos\src\libpit\graphic.c(318) : error C2065: 'dy' : undeclared identifier {log="C:\WINCE800\OSDesigns\QEMU\QEMU\PumpkinOS\src\bldsys.log(175)"}
BUILD: [01:0000002688:ERRORE] c:\wince800\osdesigns\qemu\qemu\pumpkinos\src\libpit\graphic.c(318) : error C2065: 'x' : undeclared identifier {log="C:\WINCE800\OSDesigns\QEMU\QEMU\PumpkinOS\src\bldsys.log(176)"}
BUILD: [01:0000002688:ERRORE] c:\wince800\osdesigns\qemu\qemu\pumpkinos\src\libpit\graphic.c(318) : error C2065: 'ex' : undeclared identifier {log="C:\WINCE800\OSDesigns\QEMU\QEMU\PumpkinOS\src\bldsys.log(177)"}
BUILD: [01:0000002688:ERRORE] c:\wince800\osdesigns\qemu\qemu\pumpkinos\src\libpit\graphic.c(318) : error C2065: 'ey' : undeclared identifier {log="C:\WINCE800\OSDesigns\QEMU\QEMU\PumpkinOS\src\bldsys.log(178)"}
BUILD: [01:0000002688:ERRORE] c:\wince800\osdesigns\qemu\qemu\pumpkinos\src\libpit\graphic.c(325) : error C2065: 'dx' : undeclared identifier {log="C:\WINCE800\OSDesigns\QEMU\QEMU\PumpkinOS\src\bldsys.log(179)"}
BUILD: [01:0000002703:ERRORE] c:\wince800\osdesigns\qemu\qemu\pumpkinos\src\libpit\graphic.c(325) : error C2065: 'xy' : undeclared identifier {log="C:\WINCE800\OSDesigns\QEMU\QEMU\PumpkinOS\src\bldsys.log(180)"}
BUILD: [01:0000002703:ERRORE] c:\wince800\osdesigns\qemu\qemu\pumpkinos\src\libpit\graphic.c(326) : error C2065: 'ex' : undeclared identifier {log="C:\WINCE800\OSDesigns\QEMU\QEMU\PumpkinOS\src\bldsys.log(181)"}
BUILD: [01:0000002703:ERRORE] c:\wince800\osdesigns\qemu\qemu\pumpkinos\src\libpit\graphic.c(326) : error C2065: 'dx' : undeclared identifier {log="C:\WINCE800\OSDesigns\QEMU\QEMU\PumpkinOS\src\bldsys.log(182)"}
BUILD: [01:0000002703:ERRORE] c:\wince800\osdesigns\qemu\qemu\pumpkinos\src\libpit\graphic.c(326) : error C2065: 'dy' : undeclared identifier {log="C:\WINCE800\OSDesigns\QEMU\QEMU\PumpkinOS\src\bldsys.log(183)"}
BUILD: [01:0000002703:ERRORE] c:\wince800\osdesigns\qemu\qemu\pumpkinos\src\libpit\graphic.c(327) : error C2065: 'dy' : undeclared identifier {log="C:\WINCE800\OSDesigns\QEMU\QEMU\PumpkinOS\src\bldsys.log(184)"}
BUILD: [01:0000002735:ERRORE] c:\wince800\osdesigns\qemu\qemu\pumpkinos\src\libpit\graphic.c(327) : error C2065: 'xy' : undeclared identifier {log="C:\WINCE800\OSDesigns\QEMU\QEMU\PumpkinOS\src\bldsys.log(185)"}
BUILD: [01:0000002735:ERRORE] c:\wince800\osdesigns\qemu\qemu\pumpkinos\src\libpit\graphic.c(331) : error C2065: 'ey' : undeclared identifier {log="C:\WINCE800\OSDesigns\QEMU\QEMU\PumpkinOS\src\bldsys.log(186)"}
BUILD: [01:0000002735:ERRORE] c:\wince800\osdesigns\qemu\qemu\pumpkinos\src\libpit\graphic.c(331) : error C2065: 'ex' : undeclared identifier {log="C:\WINCE800\OSDesigns\QEMU\QEMU\PumpkinOS\src\bldsys.log(187)"}
BUILD: [01:0000002735:ERRORE] c:\wince800\osdesigns\qemu\qemu\pumpkinos\src\libpit\graphic.c(331) : error C2065: 'dy' : undeclared identifier {log="C:\WINCE800\OSDesigns\QEMU\QEMU\PumpkinOS\src\bldsys.log(188)"}
BUILD: [01:0000002735:ERRORE] c:\wince800\osdesigns\qemu\qemu\pumpkinos\src\libpit\graphic.c(332) : error C2065: 'ex' : undeclared identifier {log="C:\WINCE800\OSDesigns\QEMU\QEMU\PumpkinOS\src\bldsys.log(189)"}
BUILD: [01:0000002735:ERRORE] c:\wince800\osdesigns\qemu\qemu\pumpkinos\src\libpit\graphic.c(332) : error C2065: 'dx' : undeclared identifier {log="C:\WINCE800\OSDesigns\QEMU\QEMU\PumpkinOS\src\bldsys.log(190)"}
BUILD: [01:0000002750:ERRORE] c:\wince800\osdesigns\qemu\qemu\pumpkinos\src\libpit\graphic.c(334) : error C2065: 'sx' : undeclared identifier {log="C:\WINCE800\OSDesigns\QEMU\QEMU\PumpkinOS\src\bldsys.log(191)"}
BUILD: [01:0000002766:ERRORE] c:\wince800\osdesigns\qemu\qemu\pumpkinos\src\libpit\graphic.c(335) : error C2065: 'dy' : undeclared identifier {log="C:\WINCE800\OSDesigns\QEMU\QEMU\PumpkinOS\src\bldsys.log(192)"}
BUILD: [01:0000002766:ERRORE] c:\wince800\osdesigns\qemu\qemu\pumpkinos\src\libpit\graphic.c(335) : error C2065: 'xy' : undeclared identifier {log="C:\WINCE800\OSDesigns\QEMU\QEMU\PumpkinOS\src\bldsys.log(193)"}
BUILD: [01:0000002766:ERRORE] c:\wince800\osdesigns\qemu\qemu\pumpkinos\src\libpit\graphic.c(336) : error C2065: 'ex' : undeclared identifier {log="C:\WINCE800\OSDesigns\QEMU\QEMU\PumpkinOS\src\bldsys.log(194)"}
BUILD: [01:0000002766:ERRORE] c:\wince800\osdesigns\qemu\qemu\pumpkinos\src\libpit\graphic.c(336) : error C2065: 'dx' : undeclared identifier {log="C:\WINCE800\OSDesigns\QEMU\QEMU\PumpkinOS\src\bldsys.log(195)"}
BUILD: [01:0000002766:ERRORE] c:\wince800\osdesigns\qemu\qemu\pumpkinos\src\libpit\graphic.c(336) : error C2065: 'y' : undeclared identifier {log="C:\WINCE800\OSDesigns\QEMU\QEMU\PumpkinOS\src\bldsys.log(196)"}
BUILD: [01:0000002766:ERRORE] c:\wince800\osdesigns\qemu\qemu\pumpkinos\src\libpit\graphic.c(338) : error C2065: 'ey' : undeclared identifier {log="C:\WINCE800\OSDesigns\QEMU\QEMU\PumpkinOS\src\bldsys.log(197)"}
BUILD: [01:0000002781:ERRORE] c:\wince800\osdesigns\qemu\qemu\pumpkinos\src\libpit\graphic.c(340) : error C2065: 'sy' : undeclared identifier {log="C:\WINCE800\OSDesigns\QEMU\QEMU\PumpkinOS\src\bldsys.log(198)"}
BUILD: [01:0000002781:ERRORE] c:\wince800\osdesigns\qemu\qemu\pumpkinos\src\libpit\graphic.c(341) : error C2065: 'dx' : undeclared identifier {log="C:\WINCE800\OSDesigns\QEMU\QEMU\PumpkinOS\src\bldsys.log(199)"}
BUILD: [01:0000002781:ERRORE] c:\wince800\osdesigns\qemu\qemu\pumpkinos\src\libpit\graphic.c(341) : error C2065: 'xy' : undeclared identifier {log="C:\WINCE800\OSDesigns\QEMU\QEMU\PumpkinOS\src\bldsys.log(200)"}
BUILD: [01:0000002781:ERRORE] c:\wince800\osdesigns\qemu\qemu\pumpkinos\src\libpit\graphic.c(342) : error C2065: 'ex' : undeclared identifier {log="C:\WINCE800\OSDesigns\QEMU\QEMU\PumpkinOS\src\bldsys.log(201)"}
BUILD: [01:0000002781:ERRORE] c:\wince800\osdesigns\qemu\qemu\pumpkinos\src\libpit\graphic.c(342) : error C2065: 'dy' : undeclared identifier {log="C:\WINCE800\OSDesigns\QEMU\QEMU\PumpkinOS\src\bldsys.log(202)"}
BUILD: [01:0000002781:ERRORE] c:\wince800\osdesigns\qemu\qemu\pumpkinos\src\libpit\graphic.c(342) : error C2065: 'x' : undeclared identifier {log="C:\WINCE800\OSDesigns\QEMU\QEMU\PumpkinOS\src\bldsys.log(203)"}
BUILD: [01:0000002781:WARNN ] c:\wince800\osdesigns\qemu\qemu\pumpkinos\src\libpit\graphic.c(654) : warning C4244: '=' : conversion from 'double' to 'int', possible loss of data {log="C:\WINCE800\OSDesigns\QEMU\QEMU\PumpkinOS\src\bldsys.log(204)"}
BUILD: [01:0000002781:WARNN ] c:\wince800\osdesigns\qemu\qemu\pumpkinos\src\libpit\graphic.c(655) : warning C4244: '=' : conversion from 'double' to 'int', possible loss of data {log="C:\WINCE800\OSDesigns\QEMU\QEMU\PumpkinOS\src\bldsys.log(205)"}
BUILD: [01:0000002781:WARNN ] c:\wince800\osdesigns\qemu\qemu\pumpkinos\src\libpit\graphic.c(657) : warning C4244: '=' : conversion from 'double' to 'int', possible loss of data {log="C:\WINCE800\OSDesigns\QEMU\QEMU\PumpkinOS\src\bldsys.log(206)"}
BUILD: [01:0000002781:WARNN ] c:\wince800\osdesigns\qemu\qemu\pumpkinos\src\libpit\graphic.c(658) : warning C4244: '=' : conversion from 'double' to 'int', possible loss of data {log="C:\WINCE800\OSDesigns\QEMU\QEMU\PumpkinOS\src\bldsys.log(207)"}
BUILD: [01:0000002781:WARNN ] c:\wince800\osdesigns\qemu\qemu\pumpkinos\src\libpit\graphic.c(679) : warning C4244: '=' : conversion from 'double' to 'int', possible loss of data {log="C:\WINCE800\OSDesigns\QEMU\QEMU\PumpkinOS\src\bldsys.log(208)"}
BUILD: [01:0000002797:WARNN ] c:\wince800\osdesigns\qemu\qemu\pumpkinos\src\libpit\graphic.c(680) : warning C4244: '=' : conversion from 'double' to 'int', possible loss of data {log="C:\WINCE800\OSDesigns\QEMU\QEMU\PumpkinOS\src\bldsys.log(209)"}
BUILD: [01:0000002797:WARNN ] c:\wince800\osdesigns\qemu\qemu\pumpkinos\src\libpit\graphic.c(799) : warning C4244: '=' : conversion from 'double' to 'int', possible loss of data {log="C:\WINCE800\OSDesigns\QEMU\QEMU\PumpkinOS\src\bldsys.log(210)"}
BUILD: [01:0000002797:WARNN ] c:\wince800\osdesigns\qemu\qemu\pumpkinos\src\libpit\graphic.c(800) : warning C4244: '=' : conversion from 'double' to 'int', possible loss of data {log="C:\WINCE800\OSDesigns\QEMU\QEMU\PumpkinOS\src\bldsys.log(211)"}
BUILD: [01:0000002797:WARNN ] c:\wince800\osdesigns\qemu\qemu\pumpkinos\src\libpit\graphic.c(802) : warning C4244: '=' : conversion from 'double' to 'int', possible loss of data {log="C:\WINCE800\OSDesigns\QEMU\QEMU\PumpkinOS\src\bldsys.log(212)"}
BUILD: [01:0000002985:WARNN ] c:\wince800\osdesigns\qemu\qemu\pumpkinos\src\libpit\vfs.c(615) : warning C4018: '<' : signed/unsigned mismatch {log="C:\WINCE800\OSDesigns\QEMU\QEMU\PumpkinOS\src\bldsys.log(213)"}
BUILD: [01:0000003031:WARNN ] c:\wince800\osdesigns\qemu\qemu\pumpkinos\src\libpit\vfslocal.c(176) : warning C4244: '=' : conversion from 'uint64_t' to 'uint32_t', possible loss of data {log="C:\WINCE800\OSDesigns\QEMU\QEMU\PumpkinOS\src\bldsys.log(214)"}
BUILD: [01:0000003047:WARNN ] c:\wince800\osdesigns\qemu\qemu\pumpkinos\src\libpit\vfslocal.c(241) : warning C4244: '=' : conversion from 'int64_t' to 'uint32_t', possible loss of data {log="C:\WINCE800\OSDesigns\QEMU\QEMU\PumpkinOS\src\bldsys.log(215)"}
BUILD: [01:0000003047:WARNN ] c:\wince800\osdesigns\qemu\qemu\pumpkinos\src\libpit\vfslocal.c(243) : warning C4244: '=' : conversion from 'int64_t' to 'uint32_t', possible loss of data {log="C:\WINCE800\OSDesigns\QEMU\QEMU\PumpkinOS\src\bldsys.log(216)"}
BUILD: [01:0000003047:WARNN ] c:\wince800\osdesigns\qemu\qemu\pumpkinos\src\libpit\vfslocal.c(298) : warning C4244: '=' : conversion from 'uint64_t' to 'uint32_t', possible loss of data {log="C:\WINCE800\OSDesigns\QEMU\QEMU\PumpkinOS\src\bldsys.log(217)"}
BUILD: [01:0000003047:WARNN ] c:\wince800\osdesigns\qemu\qemu\pumpkinos\src\libpit\vfslocal.c(332) : warning C4244: '=' : conversion from 'uint64_t' to 'uint32_t', possible loss of data {log="C:\WINCE800\OSDesigns\QEMU\QEMU\PumpkinOS\src\bldsys.log(218)"}
BUILD: [01:0000003047:WARNN ] c:\wince800\osdesigns\qemu\qemu\pumpkinos\src\libpit\vfslocal.c(358) : warning C4244: '=' : conversion from 'int64_t' to 'uint32_t', possible loss of data {log="C:\WINCE800\OSDesigns\QEMU\QEMU\PumpkinOS\src\bldsys.log(219)"}
BUILD: [01:0000003078:WARNN ] c:\wince800\osdesigns\qemu\qemu\pumpkinos\src\libpit\script.c(585) : warning C4244: '=' : conversion from 'script_ref_t' to 'int', possible loss of data {log="C:\WINCE800\OSDesigns\QEMU\QEMU\PumpkinOS\src\bldsys.log(220)"}
BUILD: [01:0000003078:WARNN ] c:\wince800\osdesigns\qemu\qemu\pumpkinos\src\libpit\script.c(645) : warning C4244: '=' : conversion from 'script_ref_t' to 'int', possible loss of data {log="C:\WINCE800\OSDesigns\QEMU\QEMU\PumpkinOS\src\bldsys.log(221)"}
BUILD: [01:0000003094:WARNN ] c:\wince800\osdesigns\qemu\qemu\pumpkinos\src\libpit\script.c(657) : warning C4244: '=' : conversion from 'script_ref_t' to 'int', possible loss of data {log="C:\WINCE800\OSDesigns\QEMU\QEMU\PumpkinOS\src\bldsys.log(222)"}
BUILD: [01:0000003094:WARNN ] c:\wince800\osdesigns\qemu\qemu\pumpkinos\src\libpit\script.c(669) : warning C4244: '=' : conversion from 'script_ref_t' to 'int', possible loss of data {log="C:\WINCE800\OSDesigns\QEMU\QEMU\PumpkinOS\src\bldsys.log(223)"}
BUILD: [01:0000003141:WARNN ] c:\wince800\osdesigns\qemu\qemu\pumpkinos\src\libpit\httpd.c(577) : warning C4244: '=' : conversion from 'int64_t' to 'int', possible loss of data {log="C:\WINCE800\OSDesigns\QEMU\QEMU\PumpkinOS\src\bldsys.log(224)"}
BUILD: [01:0000003813:ERRORE] NMAKE : fatal error U1077: 'C:\WINCE800\sdk\bin\i386\ARM\cl.exe' : return code '0x2' {log="C:\WINCE800\OSDesigns\QEMU\QEMU\PumpkinOS\src\bldsys.log(225)"}
BUILD: [01:0000003828:ERRORE] TargetCompilePass  -nologo BUILDMSG=Stop.  BUILDROOT=C:\wince800\osdesigns\qemu\qemu\pumpkinos\ NOLINK=1 NOPASS0=1 failed - rc = 2. {log="C:\WINCE800\OSDesigns\QEMU\QEMU\PumpkinOS\src\bldsys.log(226)"}
BUILD: [00:0000003828:PROGC ]                        Files  Warnings  Errors
BUILD: [00:0000003828:PROGC ] Midl                       0         0       0
BUILD: [00:0000003828:PROGC ] Message                    0         0       0
BUILD: [00:0000003828:PROGC ] Precomp Header             0         0       0
BUILD: [00:0000003828:PROGC ] Resource                   0         0       0
BUILD: [00:0000003828:PROGC ] XRPack                     0         0       0
BUILD: [00:0000003828:PROGC ] MASM                       0         0       0
BUILD: [00:0000003828:PROGC ] SHASM                      0         0       0
BUILD: [00:0000003844:PROGC ] ARMASM                     0         0       0
BUILD: [00:0000003844:PROGC ] C++                        0         0       0
BUILD: [00:0000003844:PROGC ] C                          0        69      92
BUILD: [00:0000003844:PROGC ] CheckLibs                  0         0       0
BUILD: [00:0000003844:PROGC ] Static Libraries           0         0       0
BUILD: [00:0000003844:PROGC ] Exe's                      0         0       0
BUILD: [00:0000003844:PROGC ] Dll's                      0         0       0
BUILD: [00:0000003844:PROGC ] Preprocess deffile         0         0       0
BUILD: [00:0000003844:PROGC ] Resx                       0         0       0
BUILD: [00:0000003844:PROGC ] CSharp Compile             0         0       0
BUILD: [00:0000003844:PROGC ] VCProj Compile             0         0       0
BUILD: [00:0000003844:PROGC ] NETCF Build                0         0       0
BUILD: [00:0000003844:PROGC ] Localization               0         0       0
BUILD: [00:0000003844:PROGC ] Other                      0        28       1
BUILD: [00:0000003844:PROGC ] 
BUILD: [00:0000003844:PROGC ] Total                      0        97      93
BUILD: [00:0000003844:PROGC ] 
BUILD: [00:0000003844:PROGC ] 97 Warnings,  93 Errors
BUILD: [00:0000003844:PROGC ] GetSystemTimes (seconds): Idle: 1     Kernel: 3     User: 3    
BUILD: [00:0000003844:PROGC ] Elapsed  time  (seconds): 3    
