BUILD: [01:0000001656:ERRORE] c:\wince800\osdesigns\qemu\qemu\pumpkinos\src\libpit\sys.c(1522) : error C2065: 'S_IRUSR' : undeclared identifier {log="C:\WINCE800\OSDesigns\QEMU\QEMU\PumpkinOS\src\bldsys.log(70)"}
BUILD: [01:0000001656:ERRORE] c:\wince800\osdesigns\qemu\qemu\pumpkinos\src\libpit\sys.c(1523) : error C2065: 'S_IWUSR' : undeclared identifier {log="C:\WINCE800\OSDesigns\QEMU\QEMU\PumpkinOS\src\bldsys.log(71)"}
BUILD: [01:0000001672:ERRORE] c:\wince800\osdesigns\qemu\qemu\pumpkinos\src\libpit\sys.c(2291) : error C2143: syntax error : missing ';' before 'type' {log="C:\WINCE800\OSDesigns\QEMU\QEMU\PumpkinOS\src\bldsys.log(77)"}
BUILD: [01:0000001672:ERRORE] c:\wince800\osdesigns\qemu\qemu\pumpkinos\src\libpit\sys.c(2292) : error C2275: 'WCHAR' : illegal use of this type as an expression {log="C:\WINCE800\OSDesigns\QEMU\QEMU\PumpkinOS\src\bldsys.log(78)"}
BUILD: [01:0000001672:ERRORE] c:\wince800\osdesigns\qemu\qemu\pumpkinos\src\libpit\sys.c(2292) : error C2146: syntax error : missing ';' before identifier 'wbuf' {log="C:\WINCE800\OSDesigns\QEMU\QEMU\PumpkinOS\src\bldsys.log(79)"}
BUILD: [01:0000001672:ERRORE] c:\wince800\osdesigns\qemu\qemu\pumpkinos\src\libpit\sys.c(2292) : error C2065: 'wbuf' : undeclared identifier {log="C:\WINCE800\OSDesigns\QEMU\QEMU\PumpkinOS\src\bldsys.log(80)"}
BUILD: [01:0000001672:ERRORE] c:\wince800\osdesigns\qemu\qemu\pumpkinos\src\libpit\sys.c(2292) : error C2109: subscript requires array or pointer type {log="C:\WINCE800\OSDesigns\QEMU\QEMU\PumpkinOS\src\bldsys.log(81)"}
BUILD: [01:0000001672:ERRORE] c:\wince800\osdesigns\qemu\qemu\pumpkinos\src\libpit\sys.c(2293) : error C2143: syntax error : missing ';' before 'type' {log="C:\WINCE800\OSDesigns\QEMU\QEMU\PumpkinOS\src\bldsys.log(82)"}
BUILD: [01:0000001672:ERRORE] c:\wince800\osdesigns\qemu\qemu\pumpkinos\src\libpit\sys.c(2295) : error C2065: 'buf' : undeclared identifier {log="C:\WINCE800\OSDesigns\QEMU\QEMU\PumpkinOS\src\bldsys.log(83)"}
BUILD: [01:0000001688:ERRORE] c:\wince800\osdesigns\qemu\qemu\pumpkinos\src\libpit\sys.c(2296) : error C2065: 'len' : undeclared identifier {log="C:\WINCE800\OSDesigns\QEMU\QEMU\PumpkinOS\src\bldsys.log(86)"}
BUILD: [01:0000001688:ERRORE] c:\wince800\osdesigns\qemu\qemu\pumpkinos\src\libpit\sys.c(2296) : error C2065: 'buf' : undeclared identifier {log="C:\WINCE800\OSDesigns\QEMU\QEMU\PumpkinOS\src\bldsys.log(87)"}
BUILD: [01:0000001688:ERRORE] c:\wince800\osdesigns\qemu\qemu\pumpkinos\src\libpit\sys.c(2297) : error C2065: 'buf' : undeclared identifier {log="C:\WINCE800\OSDesigns\QEMU\QEMU\PumpkinOS\src\bldsys.log(90)"}
BUILD: [01:0000001688:ERRORE] c:\wince800\osdesigns\qemu\qemu\pumpkinos\src\libpit\sys.c(2297) : error C2065: 'len' : undeclared identifier {log="C:\WINCE800\OSDesigns\QEMU\QEMU\PumpkinOS\src\bldsys.log(94)"}
BUILD: [01:0000001688:ERRORE] c:\wince800\osdesigns\qemu\qemu\pumpkinos\src\libpit\sys.c(2298) : error C2065: 'buf' : undeclared identifier {log="C:\WINCE800\OSDesigns\QEMU\QEMU\PumpkinOS\src\bldsys.log(95)"}
BUILD: [01:0000001688:ERRORE] c:\wince800\osdesigns\qemu\qemu\pumpkinos\src\libpit\sys.c(2301) : error C2065: 'buf' : undeclared identifier {log="C:\WINCE800\OSDesigns\QEMU\QEMU\PumpkinOS\src\bldsys.log(98)"}
BUILD: [01:0000001688:ERRORE] c:\wince800\osdesigns\qemu\qemu\pumpkinos\src\libpit\sys.c(2301) : error C2065: 'wbuf' : undeclared identifier {log="C:\WINCE800\OSDesigns\QEMU\QEMU\PumpkinOS\src\bldsys.log(101)"}
BUILD: [01:0000001688:ERRORE] c:\wince800\osdesigns\qemu\qemu\pumpkinos\src\libpit\sys.c(2304) : error C2065: 'wbuf' : undeclared identifier {log="C:\WINCE800\OSDesigns\QEMU\QEMU\PumpkinOS\src\bldsys.log(105)"}
BUILD: [01:0000001688:ERRORE] c:\wince800\osdesigns\qemu\qemu\pumpkinos\src\libpit\sys.c(2308) : error C2065: 'wbuf' : undeclared identifier {log="C:\WINCE800\OSDesigns\QEMU\QEMU\PumpkinOS\src\bldsys.log(108)"}
BUILD: [01:0000001703:ERRORE] c:\wince800\osdesigns\qemu\qemu\pumpkinos\src\libpit\sys.c(2311) : error C2065: 'buf' : undeclared identifier {log="C:\WINCE800\OSDesigns\QEMU\QEMU\PumpkinOS\src\bldsys.log(111)"}
BUILD: [01:0000001703:ERRORE] c:\wince800\osdesigns\qemu\qemu\pumpkinos\src\libpit\sys.c(2314) : error C2065: 'buf' : undeclared identifier {log="C:\WINCE800\OSDesigns\QEMU\QEMU\PumpkinOS\src\bldsys.log(112)"}
BUILD: [01:0000001703:ERRORE] c:\wince800\osdesigns\qemu\qemu\pumpkinos\src\libpit\sys.c(2318) : error C2065: 'buf' : undeclared identifier {log="C:\WINCE800\OSDesigns\QEMU\QEMU\PumpkinOS\src\bldsys.log(113)"}
BUILD: [01:0000001703:ERRORE] c:\wince800\osdesigns\qemu\qemu\pumpkinos\src\libpit\sys.c(2845) : error C2275: 'fd_t' : illegal use of this type as an expression {log="C:\WINCE800\OSDesigns\QEMU\QEMU\PumpkinOS\src\bldsys.log(117)"}
BUILD: [01:0000001703:ERRORE] c:\wince800\osdesigns\qemu\qemu\pumpkinos\src\libpit\sys.c(2845) : error C2065: 'f' : undeclared identifier {log="C:\WINCE800\OSDesigns\QEMU\QEMU\PumpkinOS\src\bldsys.log(118)"}
BUILD: [01:0000001703:ERRORE] c:\wince800\osdesigns\qemu\qemu\pumpkinos\src\libpit\sys.c(2847) : error C2065: 'f' : undeclared identifier {log="C:\WINCE800\OSDesigns\QEMU\QEMU\PumpkinOS\src\bldsys.log(119)"}
BUILD: [01:0000002313:ERRORE] c:\wince800\osdesigns\qemu\qemu\pumpkinos\src\libpit\sys.c(2851) : error C2065: 'f' : undeclared identifier {log="C:\WINCE800\OSDesigns\QEMU\QEMU\PumpkinOS\src\bldsys.log(122)"}
BUILD: [01:0000002313:ERRORE] c:\wince800\osdesigns\qemu\qemu\pumpkinos\src\libpit\sys.c(2851) : error C2223: left of '->type' must point to struct/union {log="C:\WINCE800\OSDesigns\QEMU\QEMU\PumpkinOS\src\bldsys.log(123)"}
BUILD: [01:0000002313:ERRORE] c:\wince800\osdesigns\qemu\qemu\pumpkinos\src\libpit\sys.c(2856) : error C2065: 'f' : undeclared identifier {log="C:\WINCE800\OSDesigns\QEMU\QEMU\PumpkinOS\src\bldsys.log(124)"}
BUILD: [01:0000002313:ERRORE] c:\wince800\osdesigns\qemu\qemu\pumpkinos\src\libpit\sys.c(2856) : error C2223: left of '->socket' must point to struct/union {log="C:\WINCE800\OSDesigns\QEMU\QEMU\PumpkinOS\src\bldsys.log(125)"}
BUILD: [01:0000002313:ERRORE] c:\wince800\osdesigns\qemu\qemu\pumpkinos\src\libpit\sys.c(2856) : error C2198: 'connect' : too few arguments for call {log="C:\WINCE800\OSDesigns\QEMU\QEMU\PumpkinOS\src\bldsys.log(130)"}
BUILD: [01:0000002313:ERRORE] c:\wince800\osdesigns\qemu\qemu\pumpkinos\src\libpit\sys.c(3313) : error C2275: 'fd_t' : illegal use of this type as an expression {log="C:\WINCE800\OSDesigns\QEMU\QEMU\PumpkinOS\src\bldsys.log(131)"}
BUILD: [01:0000002313:ERRORE] c:\wince800\osdesigns\qemu\qemu\pumpkinos\src\libpit\sys.c(3313) : error C2065: 'f' : undeclared identifier {log="C:\WINCE800\OSDesigns\QEMU\QEMU\PumpkinOS\src\bldsys.log(132)"}
BUILD: [01:0000002313:ERRORE] c:\wince800\osdesigns\qemu\qemu\pumpkinos\src\libpit\sys.c(3315) : error C2065: 'f' : undeclared identifier {log="C:\WINCE800\OSDesigns\QEMU\QEMU\PumpkinOS\src\bldsys.log(133)"}
BUILD: [01:0000002313:ERRORE] c:\wince800\osdesigns\qemu\qemu\pumpkinos\src\libpit\sys.c(3319) : error C2065: 'f' : undeclared identifier {log="C:\WINCE800\OSDesigns\QEMU\QEMU\PumpkinOS\src\bldsys.log(136)"}
BUILD: [01:0000002313:ERRORE] c:\wince800\osdesigns\qemu\qemu\pumpkinos\src\libpit\sys.c(3319) : error C2223: left of '->type' must point to struct/union {log="C:\WINCE800\OSDesigns\QEMU\QEMU\PumpkinOS\src\bldsys.log(137)"}
BUILD: [01:0000002313:ERRORE] c:\wince800\osdesigns\qemu\qemu\pumpkinos\src\libpit\sys.c(3320) : error C2065: 'f' : undeclared identifier {log="C:\WINCE800\OSDesigns\QEMU\QEMU\PumpkinOS\src\bldsys.log(138)"}
BUILD: [01:0000002313:ERRORE] c:\wince800\osdesigns\qemu\qemu\pumpkinos\src\libpit\sys.c(3320) : error C2223: left of '->socket' must point to struct/union {log="C:\WINCE800\OSDesigns\QEMU\QEMU\PumpkinOS\src\bldsys.log(139)"}
BUILD: [01:0000002328:ERRORE] c:\wince800\osdesigns\qemu\qemu\pumpkinos\src\libpit\sys.c(3320) : error C2198: 'setsockopt' : too few arguments for call {log="C:\WINCE800\OSDesigns\QEMU\QEMU\PumpkinOS\src\bldsys.log(144)"}
BUILD: [01:0000002438:ERRORE] c:\wince800\osdesigns\qemu\qemu\pumpkinos\src\libpit\builtin.c(106) : error C2143: syntax error : missing ';' before 'type' {log="C:\WINCE800\OSDesigns\QEMU\QEMU\PumpkinOS\src\bldsys.log(149)"}
BUILD: [01:0000002453:ERRORE] c:\wince800\osdesigns\qemu\qemu\pumpkinos\src\libpit\builtin.c(106) : error C2065: 'argstext' : undeclared identifier {log="C:\WINCE800\OSDesigns\QEMU\QEMU\PumpkinOS\src\bldsys.log(150)"}
BUILD: [01:0000002453:ERRORE] c:\wince800\osdesigns\qemu\qemu\pumpkinos\src\libpit\builtin.c(106) : error C2065: 'stext' : undeclared identifier {log="C:\WINCE800\OSDesigns\QEMU\QEMU\PumpkinOS\src\bldsys.log(152)"}
BUILD: [01:0000002453:ERRORE] c:\wince800\osdesigns\qemu\qemu\pumpkinos\src\libpit\builtin.c(106) : error C2224: left of '.value' must have struct/union type {log="C:\WINCE800\OSDesigns\QEMU\QEMU\PumpkinOS\src\bldsys.log(153)"}
BUILD: [01:0000002453:ERRORE] c:\wince800\osdesigns\qemu\qemu\pumpkinos\src\libpit\builtin.c(106) : fatal error C1903: unable to recover from previous error(s); stopping compilation {log="C:\WINCE800\OSDesigns\QEMU\QEMU\PumpkinOS\src\bldsys.log(154)"}
BUILD: [01:0000002547:ERRORE] c:\wince800\osdesigns\qemu\qemu\pumpkinos\src\libpit\graphic.c(297) : error C2143: syntax error : missing ';' before 'type' {log="C:\WINCE800\OSDesigns\QEMU\QEMU\PumpkinOS\src\bldsys.log(155)"}
BUILD: [01:0000002547:ERRORE] c:\wince800\osdesigns\qemu\qemu\pumpkinos\src\libpit\graphic.c(298) : error C2143: syntax error : missing ';' before 'type' {log="C:\WINCE800\OSDesigns\QEMU\QEMU\PumpkinOS\src\bldsys.log(156)"}
BUILD: [01:0000002547:ERRORE] c:\wince800\osdesigns\qemu\qemu\pumpkinos\src\libpit\graphic.c(299) : error C2143: syntax error : missing ';' before 'type' {log="C:\WINCE800\OSDesigns\QEMU\QEMU\PumpkinOS\src\bldsys.log(157)"}
BUILD: [01:0000002547:ERRORE] c:\wince800\osdesigns\qemu\qemu\pumpkinos\src\libpit\graphic.c(302) : error C2143: syntax error : missing ';' before 'type' {log="C:\WINCE800\OSDesigns\QEMU\QEMU\PumpkinOS\src\bldsys.log(158)"}
BUILD: [01:0000002563:ERRORE] c:\wince800\osdesigns\qemu\qemu\pumpkinos\src\libpit\graphic.c(303) : error C2143: syntax error : missing ';' before 'type' {log="C:\WINCE800\OSDesigns\QEMU\QEMU\PumpkinOS\src\bldsys.log(159)"}
BUILD: [01:0000002563:ERRORE] c:\wince800\osdesigns\qemu\qemu\pumpkinos\src\libpit\graphic.c(306) : error C2143: syntax error : missing ';' before 'type' {log="C:\WINCE800\OSDesigns\QEMU\QEMU\PumpkinOS\src\bldsys.log(160)"}
BUILD: [01:0000002563:ERRORE] c:\wince800\osdesigns\qemu\qemu\pumpkinos\src\libpit\graphic.c(307) : error C2143: syntax error : missing ';' before 'type' {log="C:\WINCE800\OSDesigns\QEMU\QEMU\PumpkinOS\src\bldsys.log(161)"}
BUILD: [01:0000002594:ERRORE] c:\wince800\osdesigns\qemu\qemu\pumpkinos\src\libpit\graphic.c(309) : error C2065: 'cur' : undeclared identifier {log="C:\WINCE800\OSDesigns\QEMU\QEMU\PumpkinOS\src\bldsys.log(162)"}
BUILD: [01:0000002610:ERRORE] c:\wince800\osdesigns\qemu\qemu\pumpkinos\src\libpit\graphic.c(311) : error C2065: 'x' : undeclared identifier {log="C:\WINCE800\OSDesigns\QEMU\QEMU\PumpkinOS\src\bldsys.log(163)"}
BUILD: [01:0000002610:ERRORE] c:\wince800\osdesigns\qemu\qemu\pumpkinos\src\libpit\graphic.c(311) : error C2065: 'y' : undeclared identifier {log="C:\WINCE800\OSDesigns\QEMU\QEMU\PumpkinOS\src\bldsys.log(164)"}
BUILD: [01:0000002610:ERRORE] c:\wince800\osdesigns\qemu\qemu\pumpkinos\src\libpit\graphic.c(312) : error C2065: 'cur' : undeclared identifier {log="C:\WINCE800\OSDesigns\QEMU\QEMU\PumpkinOS\src\bldsys.log(165)"}
BUILD: [01:0000002610:ERRORE] c:\wince800\osdesigns\qemu\qemu\pumpkinos\src\libpit\graphic.c(313) : error C2065: 'x' : undeclared identifier {log="C:\WINCE800\OSDesigns\QEMU\QEMU\PumpkinOS\src\bldsys.log(166)"}
BUILD: [01:0000002610:ERRORE] c:\wince800\osdesigns\qemu\qemu\pumpkinos\src\libpit\graphic.c(313) : error C2065: 'dx' : undeclared identifier {log="C:\WINCE800\OSDesigns\QEMU\QEMU\PumpkinOS\src\bldsys.log(167)"}
BUILD: [01:0000002625:ERRORE] c:\wince800\osdesigns\qemu\qemu\pumpkinos\src\libpit\graphic.c(313) : error C2065: 'ex' : undeclared identifier {log="C:\WINCE800\OSDesigns\QEMU\QEMU\PumpkinOS\src\bldsys.log(168)"}
BUILD: [01:0000002625:ERRORE] c:\wince800\osdesigns\qemu\qemu\pumpkinos\src\libpit\graphic.c(313) : error C2065: 'xy' : undeclared identifier {log="C:\WINCE800\OSDesigns\QEMU\QEMU\PumpkinOS\src\bldsys.log(169)"}
BUILD: [01:0000002625:ERRORE] c:\wince800\osdesigns\qemu\qemu\pumpkinos\src\libpit\graphic.c(314) : error C2065: 'y' : undeclared identifier {log="C:\WINCE800\OSDesigns\QEMU\QEMU\PumpkinOS\src\bldsys.log(170)"}
BUILD: [01:0000002672:ERRORE] c:\wince800\osdesigns\qemu\qemu\pumpkinos\src\libpit\graphic.c(314) : error C2065: 'dy' : undeclared identifier {log="C:\WINCE800\OSDesigns\QEMU\QEMU\PumpkinOS\src\bldsys.log(171)"}
BUILD: [01:0000002688:ERRORE] c:\wince800\osdesigns\qemu\qemu\pumpkinos\src\libpit\graphic.c(314) : error C2065: 'ey' : undeclared identifier {log="C:\WINCE800\OSDesigns\QEMU\QEMU\PumpkinOS\src\bldsys.log(172)"}
BUILD: [01:0000002688:ERRORE] c:\wince800\osdesigns\qemu\qemu\pumpkinos\src\libpit\graphic.c(318) : error C2065: 'dx' : undeclared identifier {log="C:\WINCE800\OSDesigns\QEMU\QEMU\PumpkinOS\src\bldsys.log(173)"}
BUILD: [01:0000002688:ERRORE] c:\wince800\osdesigns\qemu\qemu\pumpkinos\src\libpit\graphic.c(318) : error C2065: 'y' : undeclared identifier {log="C:\WINCE800\OSDesigns\QEMU\QEMU\PumpkinOS\src\bldsys.log(174)"}
BUILD: [01:0000002688:ERRORE] c:\wince800\osdesigns\qemu\qemu\pumpkinos\src\libpit\graphic.c(318) : error C2065: 'dy' : undeclared identifier {log="C:\WINCE800\OSDesigns\QEMU\QEMU\PumpkinOS\src\bldsys.log(175)"}
BUILD: [01:0000002688:ERRORE] c:\wince800\osdesigns\qemu\qemu\pumpkinos\src\libpit\graphic.c(318) : error C2065: 'x' : undeclared identifier {log="C:\WINCE800\OSDesigns\QEMU\QEMU\PumpkinOS\src\bldsys.log(176)"}
BUILD: [01:0000002688:ERRORE] c:\wince800\osdesigns\qemu\qemu\pumpkinos\src\libpit\graphic.c(318) : error C2065: 'ex' : undeclared identifier {log="C:\WINCE800\OSDesigns\QEMU\QEMU\PumpkinOS\src\bldsys.log(177)"}
BUILD: [01:0000002688:ERRORE] c:\wince800\osdesigns\qemu\qemu\pumpkinos\src\libpit\graphic.c(318) : error C2065: 'ey' : undeclared identifier {log="C:\WINCE800\OSDesigns\QEMU\QEMU\PumpkinOS\src\bldsys.log(178)"}
BUILD: [01:0000002688:ERRORE] c:\wince800\osdesigns\qemu\qemu\pumpkinos\src\libpit\graphic.c(325) : error C2065: 'dx' : undeclared identifier {log="C:\WINCE800\OSDesigns\QEMU\QEMU\PumpkinOS\src\bldsys.log(179)"}
BUILD: [01:0000002703:ERRORE] c:\wince800\osdesigns\qemu\qemu\pumpkinos\src\libpit\graphic.c(325) : error C2065: 'xy' : undeclared identifier {log="C:\WINCE800\OSDesigns\QEMU\QEMU\PumpkinOS\src\bldsys.log(180)"}
BUILD: [01:0000002703:ERRORE] c:\wince800\osdesigns\qemu\qemu\pumpkinos\src\libpit\graphic.c(326) : error C2065: 'ex' : undeclared identifier {log="C:\WINCE800\OSDesigns\QEMU\QEMU\PumpkinOS\src\bldsys.log(181)"}
BUILD: [01:0000002703:ERRORE] c:\wince800\osdesigns\qemu\qemu\pumpkinos\src\libpit\graphic.c(326) : error C2065: 'dx' : undeclared identifier {log="C:\WINCE800\OSDesigns\QEMU\QEMU\PumpkinOS\src\bldsys.log(182)"}
BUILD: [01:0000002703:ERRORE] c:\wince800\osdesigns\qemu\qemu\pumpkinos\src\libpit\graphic.c(326) : error C2065: 'dy' : undeclared identifier {log="C:\WINCE800\OSDesigns\QEMU\QEMU\PumpkinOS\src\bldsys.log(183)"}
BUILD: [01:0000002703:ERRORE] c:\wince800\osdesigns\qemu\qemu\pumpkinos\src\libpit\graphic.c(327) : error C2065: 'dy' : undeclared identifier {log="C:\WINCE800\OSDesigns\QEMU\QEMU\PumpkinOS\src\bldsys.log(184)"}
BUILD: [01:0000002735:ERRORE] c:\wince800\osdesigns\qemu\qemu\pumpkinos\src\libpit\graphic.c(327) : error C2065: 'xy' : undeclared identifier {log="C:\WINCE800\OSDesigns\QEMU\QEMU\PumpkinOS\src\bldsys.log(185)"}
BUILD: [01:0000002735:ERRORE] c:\wince800\osdesigns\qemu\qemu\pumpkinos\src\libpit\graphic.c(331) : error C2065: 'ey' : undeclared identifier {log="C:\WINCE800\OSDesigns\QEMU\QEMU\PumpkinOS\src\bldsys.log(186)"}
BUILD: [01:0000002735:ERRORE] c:\wince800\osdesigns\qemu\qemu\pumpkinos\src\libpit\graphic.c(331) : error C2065: 'ex' : undeclared identifier {log="C:\WINCE800\OSDesigns\QEMU\QEMU\PumpkinOS\src\bldsys.log(187)"}
BUILD: [01:0000002735:ERRORE] c:\wince800\osdesigns\qemu\qemu\pumpkinos\src\libpit\graphic.c(331) : error C2065: 'dy' : undeclared identifier {log="C:\WINCE800\OSDesigns\QEMU\QEMU\PumpkinOS\src\bldsys.log(188)"}
BUILD: [01:0000002735:ERRORE] c:\wince800\osdesigns\qemu\qemu\pumpkinos\src\libpit\graphic.c(332) : error C2065: 'ex' : undeclared identifier {log="C:\WINCE800\OSDesigns\QEMU\QEMU\PumpkinOS\src\bldsys.log(189)"}
BUILD: [01:0000002735:ERRORE] c:\wince800\osdesigns\qemu\qemu\pumpkinos\src\libpit\graphic.c(332) : error C2065: 'dx' : undeclared identifier {log="C:\WINCE800\OSDesigns\QEMU\QEMU\PumpkinOS\src\bldsys.log(190)"}
BUILD: [01:0000002750:ERRORE] c:\wince800\osdesigns\qemu\qemu\pumpkinos\src\libpit\graphic.c(334) : error C2065: 'sx' : undeclared identifier {log="C:\WINCE800\OSDesigns\QEMU\QEMU\PumpkinOS\src\bldsys.log(191)"}
BUILD: [01:0000002766:ERRORE] c:\wince800\osdesigns\qemu\qemu\pumpkinos\src\libpit\graphic.c(335) : error C2065: 'dy' : undeclared identifier {log="C:\WINCE800\OSDesigns\QEMU\QEMU\PumpkinOS\src\bldsys.log(192)"}
BUILD: [01:0000002766:ERRORE] c:\wince800\osdesigns\qemu\qemu\pumpkinos\src\libpit\graphic.c(335) : error C2065: 'xy' : undeclared identifier {log="C:\WINCE800\OSDesigns\QEMU\QEMU\PumpkinOS\src\bldsys.log(193)"}
BUILD: [01:0000002766:ERRORE] c:\wince800\osdesigns\qemu\qemu\pumpkinos\src\libpit\graphic.c(336) : error C2065: 'ex' : undeclared identifier {log="C:\WINCE800\OSDesigns\QEMU\QEMU\PumpkinOS\src\bldsys.log(194)"}
BUILD: [01:0000002766:ERRORE] c:\wince800\osdesigns\qemu\qemu\pumpkinos\src\libpit\graphic.c(336) : error C2065: 'dx' : undeclared identifier {log="C:\WINCE800\OSDesigns\QEMU\QEMU\PumpkinOS\src\bldsys.log(195)"}
BUILD: [01:0000002766:ERRORE] c:\wince800\osdesigns\qemu\qemu\pumpkinos\src\libpit\graphic.c(336) : error C2065: 'y' : undeclared identifier {log="C:\WINCE800\OSDesigns\QEMU\QEMU\PumpkinOS\src\bldsys.log(196)"}
BUILD: [01:0000002766:ERRORE] c:\wince800\osdesigns\qemu\qemu\pumpkinos\src\libpit\graphic.c(338) : error C2065: 'ey' : undeclared identifier {log="C:\WINCE800\OSDesigns\QEMU\QEMU\PumpkinOS\src\bldsys.log(197)"}
BUILD: [01:0000002781:ERRORE] c:\wince800\osdesigns\qemu\qemu\pumpkinos\src\libpit\graphic.c(340) : error C2065: 'sy' : undeclared identifier {log="C:\WINCE800\OSDesigns\QEMU\QEMU\PumpkinOS\src\bldsys.log(198)"}
BUILD: [01:0000002781:ERRORE] c:\wince800\osdesigns\qemu\qemu\pumpkinos\src\libpit\graphic.c(341) : error C2065: 'dx' : undeclared identifier {log="C:\WINCE800\OSDesigns\QEMU\QEMU\PumpkinOS\src\bldsys.log(199)"}
BUILD: [01:0000002781:ERRORE] c:\wince800\osdesigns\qemu\qemu\pumpkinos\src\libpit\graphic.c(341) : error C2065: 'xy' : undeclared identifier {log="C:\WINCE800\OSDesigns\QEMU\QEMU\PumpkinOS\src\bldsys.log(200)"}
BUILD: [01:0000002781:ERRORE] c:\wince800\osdesigns\qemu\qemu\pumpkinos\src\libpit\graphic.c(342) : error C2065: 'ex' : undeclared identifier {log="C:\WINCE800\OSDesigns\QEMU\QEMU\PumpkinOS\src\bldsys.log(201)"}
BUILD: [01:0000002781:ERRORE] c:\wince800\osdesigns\qemu\qemu\pumpkinos\src\libpit\graphic.c(342) : error C2065: 'dy' : undeclared identifier {log="C:\WINCE800\OSDesigns\QEMU\QEMU\PumpkinOS\src\bldsys.log(202)"}
BUILD: [01:0000002781:ERRORE] c:\wince800\osdesigns\qemu\qemu\pumpkinos\src\libpit\graphic.c(342) : error C2065: 'x' : undeclared identifier {log="C:\WINCE800\OSDesigns\QEMU\QEMU\PumpkinOS\src\bldsys.log(203)"}
BUILD: [01:0000003813:ERRORE] NMAKE : fatal error U1077: 'C:\WINCE800\sdk\bin\i386\ARM\cl.exe' : return code '0x2' {log="C:\WINCE800\OSDesigns\QEMU\QEMU\PumpkinOS\src\bldsys.log(225)"}
BUILD: [01:0000003828:ERRORE] TargetCompilePass  -nologo BUILDMSG=Stop.  BUILDROOT=C:\wince800\osdesigns\qemu\qemu\pumpkinos\ NOLINK=1 NOPASS0=1 failed - rc = 2. {log="C:\WINCE800\OSDesigns\QEMU\QEMU\PumpkinOS\src\bldsys.log(226)"}
