BUILD: [00:0000000000:PROGC ] Build started with parameters: -c
BUILD: [00:0000000000:PROGC ] Build started in directory: C:\WINCE800\OSDesigns\QEMU\QEMU\PumpkinOS\src\MemoPad
BUILD: [00:0000000000:PROGC ] Running passes WCEFILES0, MIDL, MC, ASN, THUNK, RUN_WPP, XRPACK, PRECOMPHEADER, COMPILE, RENUMBERICONIDS, RES2RES, LIB, EXPLIB, LINK, LOCALIZE, MANAGEDRESX, MANAGEDMOD, MANAGEDDLL, MANAGEDEXE, MANAGEDWIN, POSTBUILD for ARM.
BUILD: [00:0000000000:PROGC ] Ignoring build database (-c specified).
BUILD: [00:0000000000:PROGC ] Computing include file dependencies:
BUILD: [01:0000000016:PROGC ] Scan C:\wince800\osdesigns\qemu\qemu\pumpkinos\src\memopad\
BUILD: [00:0000000500:PROGC ] Warning(s) in directory "C:\wince800\osdesigns\qemu\qemu\pumpkinos\src\memopad\".
BUILD: [00:0000000703:PROGC ] Directory scanning complete.
BUILD: [00:0000000703:PROGC ] Saving C:\wince800\osdesigns\qemu\qemu\pumpkinos\BuildARMV7retail.dat.
BUILD: [00:0000000719:PROGC ] Saving Master Database complete.
BUILD: [00:0000000719:PROGC ] Starting WCEFILES0 Pass.
BUILD: [00:0000000719:PROGC ] Analyzing project dependency information for pass WCEFILES0.
BUILD: [00:0000000719:PROGC ] Starting MIDL Pass.
BUILD: [00:0000000719:PROGC ] Analyzing project dependency information for pass MIDL.
BUILD: [00:0000000719:PROGC ] Starting MC Pass.
BUILD: [00:0000000719:PROGC ] Analyzing project dependency information for pass MC.
BUILD: [00:0000000719:PROGC ] Starting ASN Pass.
BUILD: [00:0000000719:PROGC ] Analyzing project dependency information for pass ASN.
BUILD: [00:0000000734:PROGC ] Starting THUNK Pass.
BUILD: [00:0000000734:PROGC ] Analyzing project dependency information for pass THUNK.
BUILD: [00:0000000734:PROGC ] Starting RUN_WPP Pass.
BUILD: [00:0000000734:PROGC ] Analyzing project dependency information for pass RUN_WPP.
BUILD: [00:0000000734:PROGC ] Starting XRPACK Pass.
BUILD: [00:0000000734:PROGC ] Analyzing project dependency information for pass XRPACK.
BUILD: [00:0000000734:PROGC ] Starting PRECOMPHEADER Pass.
BUILD: [00:0000000734:PROGC ] Analyzing project dependency information for pass PRECOMPHEADER.
BUILD: [00:0000000734:PROGC ] Starting COMPILE Pass.
BUILD: [00:0000000734:PROGC ] Analyzing project dependency information for pass COMPILE.
BUILD: [00:0000000781:PROGC ] Building COMPILE Pass in C:\wince800\osdesigns\qemu\qemu\pumpkinos\src\memopad\ directory.
BUILD: [01:0000001266:PROGC ] Compiling .\MemoDB.c .\MemoMain.c .\MemoRsc.c .\MemoTransfer.c .\DllMain.c
BUILD: [01:0000003734:PROGC ] Warning(s) in directory "C:\wince800\osdesigns\qemu\qemu\pumpkinos\src\memopad\".
BUILD: [01:0000003734:WARNN ] c:\wince800\public\common\sdk\inc\wtypes.h(52) : warning C28251: Inconsistent annotation for 'MIDL_user_allocate': this instance has no annotations. See c:\wince800\public\common\sdk\inc\rpcndr.h(215).  {log="C:\WINCE800\OSDesigns\QEMU\QEMU\PumpkinOS\src\MemoPad\bldsys.log(47)"}
BUILD: [01:0000003750:WARNN ] c:\wince800\public\common\sdk\inc\wtypes.h(53) : warning C28251: Inconsistent annotation for 'MIDL_user_free': this instance has no annotations. See c:\wince800\public\common\sdk\inc\rpcndr.h(216).  {log="C:\WINCE800\OSDesigns\QEMU\QEMU\PumpkinOS\src\MemoPad\bldsys.log(48)"}
BUILD: [01:0000003750:WARNN ] c:\wince800\public\common\sdk\inc\unknwn.h(75) : warning C28251: Inconsistent annotation for 'MIDL_user_allocate': this instance has no annotations. See c:\wince800\public\common\sdk\inc\rpcndr.h(215). Note: There are several prototypes for this function. This warning compares the first with instance number 3.  {log="C:\WINCE800\OSDesigns\QEMU\QEMU\PumpkinOS\src\MemoPad\bldsys.log(49)"}
BUILD: [01:0000003750:WARNN ] c:\wince800\public\common\sdk\inc\unknwn.h(76) : warning C28251: Inconsistent annotation for 'MIDL_user_free': this instance has no annotations. See c:\wince800\public\common\sdk\inc\rpcndr.h(216). Note: There are several prototypes for this function. This warning compares the first with instance number 3.  {log="C:\WINCE800\OSDesigns\QEMU\QEMU\PumpkinOS\src\MemoPad\bldsys.log(50)"}
BUILD: [01:0000003750:WARNN ] c:\wince800\public\common\sdk\inc\objidl.h(384) : warning C28251: Inconsistent annotation for 'MIDL_user_allocate': this instance has no annotations. See c:\wince800\public\common\sdk\inc\rpcndr.h(215). Note: There are several prototypes for this function. This warning compares the first with instance number 4.  {log="C:\WINCE800\OSDesigns\QEMU\QEMU\PumpkinOS\src\MemoPad\bldsys.log(51)"}
BUILD: [01:0000003766:WARNN ] c:\wince800\public\common\sdk\inc\objidl.h(385) : warning C28251: Inconsistent annotation for 'MIDL_user_free': this instance has no annotations. See c:\wince800\public\common\sdk\inc\rpcndr.h(216). Note: There are several prototypes for this function. This warning compares the first with instance number 4.  {log="C:\WINCE800\OSDesigns\QEMU\QEMU\PumpkinOS\src\MemoPad\bldsys.log(52)"}
BUILD: [01:0000003797:WARNN ] c:\wince800\public\common\sdk\inc\oaidl.h(193) : warning C28251: Inconsistent annotation for 'MIDL_user_allocate': this instance has no annotations. See c:\wince800\public\common\sdk\inc\rpcndr.h(215). Note: There are several prototypes for this function. This warning compares the first with instance number 5.  {log="C:\WINCE800\OSDesigns\QEMU\QEMU\PumpkinOS\src\MemoPad\bldsys.log(53)"}
BUILD: [01:0000003812:WARNN ] c:\wince800\public\common\sdk\inc\oaidl.h(194) : warning C28251: Inconsistent annotation for 'MIDL_user_free': this instance has no annotations. See c:\wince800\public\common\sdk\inc\rpcndr.h(216). Note: There are several prototypes for this function. This warning compares the first with instance number 5.  {log="C:\WINCE800\OSDesigns\QEMU\QEMU\PumpkinOS\src\MemoPad\bldsys.log(54)"}
BUILD: [01:0000003844:WARNN ] c:\wince800\public\common\sdk\inc\oleidl.h(175) : warning C28251: Inconsistent annotation for 'MIDL_user_allocate': this instance has no annotations. See c:\wince800\public\common\sdk\inc\rpcndr.h(215). Note: There are several prototypes for this function. This warning compares the first with instance number 6.  {log="C:\WINCE800\OSDesigns\QEMU\QEMU\PumpkinOS\src\MemoPad\bldsys.log(55)"}
BUILD: [01:0000003844:WARNN ] c:\wince800\public\common\sdk\inc\oleidl.h(176) : warning C28251: Inconsistent annotation for 'MIDL_user_free': this instance has no annotations. See c:\wince800\public\common\sdk\inc\rpcndr.h(216). Note: There are several prototypes for this function. This warning compares the first with instance number 6.  {log="C:\WINCE800\OSDesigns\QEMU\QEMU\PumpkinOS\src\MemoPad\bldsys.log(56)"}
BUILD: [01:0000005703:WARNN ] c:\wince800\osdesigns\qemu\qemu\pumpkinos\src\memopad\memomain.c(2617) : warning C6246: Local declaration of 'fldP' hides declaration of the same name in outer scope. For additional information, see previous declaration at line '2505' of 'c:\wince800\osdesigns\qemu\qemu\pumpkinos\src\memopad\memomain.c'.: Lines: 2505 {log="C:\WINCE800\OSDesigns\QEMU\QEMU\PumpkinOS\src\MemoPad\bldsys.log(57)"}
BUILD: [01:0000005719:WARNN ] c:\wince800\osdesigns\qemu\qemu\pumpkinos\src\memopad\memomain.c(2683) : warning C6246: Local declaration of 'frm' hides declaration of the same name in outer scope. For additional information, see previous declaration at line '2503' of 'c:\wince800\osdesigns\qemu\qemu\pumpkinos\src\memopad\memomain.c'.: Lines: 2503 {log="C:\WINCE800\OSDesigns\QEMU\QEMU\PumpkinOS\src\MemoPad\bldsys.log(58)"}
BUILD: [00:0000006781:PROGC ] Starting RENUMBERICONIDS Pass.
BUILD: [00:0000006781:PROGC ] Analyzing project dependency information for pass RENUMBERICONIDS.
BUILD: [00:0000006781:PROGC ] Starting RES2RES Pass.
BUILD: [00:0000006781:PROGC ] Analyzing project dependency information for pass RES2RES.
BUILD: [00:0000006781:PROGC ] Starting LIB Pass.
BUILD: [00:0000006781:PROGC ] Analyzing project dependency information for pass LIB.
BUILD: [00:0000006781:PROGC ] Starting EXPLIB Pass.
BUILD: [00:0000006781:PROGC ] Analyzing project dependency information for pass EXPLIB.
BUILD: [00:0000006797:PROGC ] Building EXPLIB Pass in C:\wince800\osdesigns\qemu\qemu\pumpkinos\src\memopad\ directory.
BUILD: [01:0000006984:PROGC ] Linking C:\wince800\osdesigns\qemu\qemu\pumpkinos\src\memopad\obj\ARMV7\retail\MemoPad.lib
BUILD: [00:0000007125:PROGC ] Starting LINK Pass.
BUILD: [00:0000007125:PROGC ] Analyzing project dependency information for pass LINK.
BUILD: [00:0000007266:PROGC ] Building LINK Pass in C:\wince800\osdesigns\qemu\qemu\pumpkinos\src\memopad\ directory.
BUILD: [01:0000007437:PROGC ] Linking C:\wince800\osdesigns\qemu\qemu\pumpkinos\src\memopad\obj\ARMV7\retail\MemoPad.dll
BUILD: [00:0000007875:PROGC ] Starting LOCALIZE Pass.
BUILD: [00:0000007875:PROGC ] Analyzing project dependency information for pass LOCALIZE.
BUILD: [00:0000007875:PROGC ] Starting MANAGEDRESX Pass.
BUILD: [00:0000007875:PROGC ] Analyzing project dependency information for pass MANAGEDRESX.
BUILD: [00:0000007875:PROGC ] Starting MANAGEDMOD Pass.
BUILD: [00:0000007875:PROGC ] Analyzing project dependency information for pass MANAGEDMOD.
BUILD: [00:0000007875:PROGC ] Starting MANAGEDDLL Pass.
BUILD: [00:0000007875:PROGC ] Analyzing project dependency information for pass MANAGEDDLL.
BUILD: [00:0000007875:PROGC ] Starting MANAGEDEXE Pass.
BUILD: [00:0000007875:PROGC ] Analyzing project dependency information for pass MANAGEDEXE.
BUILD: [00:0000007875:PROGC ] Starting MANAGEDWIN Pass.
BUILD: [00:0000007875:PROGC ] Analyzing project dependency information for pass MANAGEDWIN.
BUILD: [00:0000007875:PROGC ] Starting POSTBUILD Pass.
BUILD: [00:0000007875:PROGC ] Analyzing project dependency information for pass POSTBUILD.
BUILD: [00:0000008125:PROGC ] Saving C:\wince800\osdesigns\qemu\qemu\pumpkinos\BuildARMV7retail.dat.
BUILD: [00:0000008141:PROGC ] Done.
BUILD: [00:0000008141:PROGC ]                        Files  Warnings  Errors
BUILD: [00:0000008141:PROGC ] Midl                       0         0       0
BUILD: [00:0000008141:PROGC ] Message                    0         0       0
BUILD: [00:0000008141:PROGC ] Precomp Header             0         0       0
BUILD: [00:0000008141:PROGC ] Resource                   0         0       0
BUILD: [00:0000008141:PROGC ] XRPack                     0         0       0
BUILD: [00:0000008141:PROGC ] MASM                       0         0       0
BUILD: [00:0000008141:PROGC ] SHASM                      0         0       0
BUILD: [00:0000008141:PROGC ] ARMASM                     0         0       0
BUILD: [00:0000008141:PROGC ] C++                        0         0       0
BUILD: [00:0000008141:PROGC ] C                          1        12       0
BUILD: [00:0000008141:PROGC ] CheckLibs                  0         0       0
BUILD: [00:0000008141:PROGC ] Static Libraries           0         0       0
BUILD: [00:0000008141:PROGC ] Exe's                      0         0       0
BUILD: [00:0000008141:PROGC ] Dll's                      2         0       0
BUILD: [00:0000008141:PROGC ] Preprocess deffile         0         0       0
BUILD: [00:0000008141:PROGC ] Resx                       0         0       0
BUILD: [00:0000008141:PROGC ] CSharp Compile             0         0       0
BUILD: [00:0000008141:PROGC ] VCProj Compile             0         0       0
BUILD: [00:0000008141:PROGC ] NETCF Build                0         0       0
BUILD: [00:0000008141:PROGC ] Localization               0         0       0
BUILD: [00:0000008141:PROGC ] Other                      0        14       0
BUILD: [00:0000008141:PROGC ] 
BUILD: [00:0000008141:PROGC ] Total                      3        26       0
BUILD: [00:0000008141:PROGC ] 
BUILD: [00:0000008141:PROGC ] 26 Warnings,  0 Errors
BUILD: [00:0000008156:PROGC ] GetSystemTimes (seconds): Idle: 0     Kernel: 8     User: 8    
BUILD: [00:0000008156:PROGC ] Elapsed  time  (seconds): 8    
